
*** Running vivado
    with args -log control_sub_microblaze_0_xlconcat_0.vds -m64 -product Vivado -mode batch -messageDb vivado.pb -notrace -source control_sub_microblaze_0_xlconcat_0.tcl


****** Vivado v2016.4 (64-bit)
  **** SW Build 1756540 on Mon Jan 23 19:11:19 MST 2017
  **** IP Build 1755317 on Mon Jan 23 20:30:07 MST 2017
    ** Copyright 1986-2016 Xilinx, Inc. All Rights Reserved.

source control_sub_microblaze_0_xlconcat_0.tcl -notrace
Starting RTL Elaboration : Time (s): cpu = 00:00:04 ; elapsed = 00:00:04 . Memory (MB): peak = 1154.402 ; gain = 223.934 ; free physical = 57192 ; free virtual = 127302
INFO: [Synth 8-638] synthesizing module 'control_sub_microblaze_0_xlconcat_0' [/home/nadeen/SIGCOMM/PANAMA/Vivado/my_netfpga/projects/reference_switch_lite/hw/project/reference_switch_lite.srcs/sources_1/bd/control_sub/ip/control_sub_microblaze_0_xlconcat_0/synth/control_sub_microblaze_0_xlconcat_0.v:58]
INFO: [Synth 8-638] synthesizing module 'xlconcat' [/home/nadeen/SIGCOMM/PANAMA/Vivado/my_netfpga/projects/reference_switch_lite/hw/project/reference_switch_lite.srcs/sources_1/bd/control_sub/ipshared/2e37/xlconcat.v:14]
INFO: [Synth 8-256] done synthesizing module 'xlconcat' (1#1) [/home/nadeen/SIGCOMM/PANAMA/Vivado/my_netfpga/projects/reference_switch_lite/hw/project/reference_switch_lite.srcs/sources_1/bd/control_sub/ipshared/2e37/xlconcat.v:14]
INFO: [Synth 8-256] done synthesizing module 'control_sub_microblaze_0_xlconcat_0' (2#1) [/home/nadeen/SIGCOMM/PANAMA/Vivado/my_netfpga/projects/reference_switch_lite/hw/project/reference_switch_lite.srcs/sources_1/bd/control_sub/ip/control_sub_microblaze_0_xlconcat_0/synth/control_sub_microblaze_0_xlconcat_0.v:58]
Finished RTL Elaboration : Time (s): cpu = 00:00:05 ; elapsed = 00:00:05 . Memory (MB): peak = 1194.871 ; gain = 264.402 ; free physical = 57150 ; free virtual = 127260
Finished RTL Optimization Phase 1 : Time (s): cpu = 00:00:05 ; elapsed = 00:00:05 . Memory (MB): peak = 1194.871 ; gain = 264.402 ; free physical = 57150 ; free virtual = 127260
INFO: [Device 21-403] Loading part xc7vx690tffg1761-3
Constraint Validation Runtime : Time (s): cpu = 00:00:00.01 ; elapsed = 00:00:00 . Memory (MB): peak = 1592.098 ; gain = 0.000 ; free physical = 56834 ; free virtual = 126943
Finished Constraint Validation : Time (s): cpu = 00:00:16 ; elapsed = 00:00:17 . Memory (MB): peak = 1592.098 ; gain = 661.629 ; free physical = 56834 ; free virtual = 126943
Finished Loading Part and Timing Information : Time (s): cpu = 00:00:16 ; elapsed = 00:00:17 . Memory (MB): peak = 1592.098 ; gain = 661.629 ; free physical = 56834 ; free virtual = 126943
Finished applying 'set_property' XDC Constraints : Time (s): cpu = 00:00:16 ; elapsed = 00:00:17 . Memory (MB): peak = 1592.098 ; gain = 661.629 ; free physical = 56834 ; free virtual = 126943
Finished RTL Optimization Phase 2 : Time (s): cpu = 00:00:16 ; elapsed = 00:00:17 . Memory (MB): peak = 1592.098 ; gain = 661.629 ; free physical = 56834 ; free virtual = 126943
Finished Cross Boundary and Area Optimization : Time (s): cpu = 00:00:16 ; elapsed = 00:00:17 . Memory (MB): peak = 1592.098 ; gain = 661.629 ; free physical = 56834 ; free virtual = 126943
Finished Applying XDC Timing Constraints : Time (s): cpu = 00:00:21 ; elapsed = 00:00:21 . Memory (MB): peak = 1592.098 ; gain = 661.629 ; free physical = 56802 ; free virtual = 126911
Finished Timing Optimization : Time (s): cpu = 00:00:21 ; elapsed = 00:00:21 . Memory (MB): peak = 1592.098 ; gain = 661.629 ; free physical = 56802 ; free virtual = 126911
Finished Technology Mapping : Time (s): cpu = 00:00:21 ; elapsed = 00:00:21 . Memory (MB): peak = 1592.098 ; gain = 661.629 ; free physical = 56793 ; free virtual = 126903
Finished IO Insertion : Time (s): cpu = 00:00:21 ; elapsed = 00:00:21 . Memory (MB): peak = 1592.098 ; gain = 661.629 ; free physical = 56793 ; free virtual = 126903
Finished Renaming Generated Instances : Time (s): cpu = 00:00:21 ; elapsed = 00:00:21 . Memory (MB): peak = 1592.098 ; gain = 661.629 ; free physical = 56793 ; free virtual = 126903
Finished Rebuilding User Hierarchy : Time (s): cpu = 00:00:21 ; elapsed = 00:00:21 . Memory (MB): peak = 1592.098 ; gain = 661.629 ; free physical = 56793 ; free virtual = 126903
Finished Renaming Generated Ports : Time (s): cpu = 00:00:21 ; elapsed = 00:00:21 . Memory (MB): peak = 1592.098 ; gain = 661.629 ; free physical = 56793 ; free virtual = 126903
Finished Handling Custom Attributes : Time (s): cpu = 00:00:21 ; elapsed = 00:00:21 . Memory (MB): peak = 1592.098 ; gain = 661.629 ; free physical = 56793 ; free virtual = 126903
Finished Renaming Generated Nets : Time (s): cpu = 00:00:21 ; elapsed = 00:00:21 . Memory (MB): peak = 1592.098 ; gain = 661.629 ; free physical = 56793 ; free virtual = 126903

Report Cell Usage: 
+-+-----+------+
| |Cell |Count |
+-+-----+------+
+-+-----+------+
Finished Writing Synthesis Report : Time (s): cpu = 00:00:21 ; elapsed = 00:00:21 . Memory (MB): peak = 1592.098 ; gain = 661.629 ; free physical = 56793 ; free virtual = 126903
synth_design: Time (s): cpu = 00:00:20 ; elapsed = 00:00:20 . Memory (MB): peak = 1612.098 ; gain = 586.125 ; free physical = 56769 ; free virtual = 126879
