
*** Running vivado
    with args -log control_sub_microblaze_0_0.vds -m64 -product Vivado -mode batch -messageDb vivado.pb -notrace -source control_sub_microblaze_0_0.tcl


****** Vivado v2016.4 (64-bit)
  **** SW Build 1756540 on Mon Jan 23 19:11:19 MST 2017
  **** IP Build 1755317 on Mon Jan 23 20:30:07 MST 2017
    ** Copyright 1986-2016 Xilinx, Inc. All Rights Reserved.

source control_sub_microblaze_0_0.tcl -notrace
Starting RTL Elaboration : Time (s): cpu = 00:00:05 ; elapsed = 00:00:05 . Memory (MB): peak = 1160.406 ; gain = 229.934 ; free physical = 56321 ; free virtual = 126664
INFO: [Synth 8-638] synthesizing module 'control_sub_microblaze_0_0' [/home/nadeen/SIGCOMM/PANAMA/Vivado/my_netfpga/projects/reference_switch_lite/hw/project/reference_switch_lite.srcs/sources_1/bd/control_sub/ip/control_sub_microblaze_0_0/synth/control_sub_microblaze_0_0.vhd:116]
INFO: [Synth 8-256] done synthesizing module 'control_sub_microblaze_0_0' (52#1) [/home/nadeen/SIGCOMM/PANAMA/Vivado/my_netfpga/projects/reference_switch_lite/hw/project/reference_switch_lite.srcs/sources_1/bd/control_sub/ip/control_sub_microblaze_0_0/synth/control_sub_microblaze_0_0.vhd:116]
Finished RTL Elaboration : Time (s): cpu = 00:00:08 ; elapsed = 00:00:08 . Memory (MB): peak = 1343.875 ; gain = 413.402 ; free physical = 56136 ; free virtual = 126480
Finished RTL Optimization Phase 1 : Time (s): cpu = 00:00:08 ; elapsed = 00:00:09 . Memory (MB): peak = 1343.875 ; gain = 413.402 ; free physical = 56136 ; free virtual = 126480
INFO: [Device 21-403] Loading part xc7vx690tffg1761-3
Constraint Validation Runtime : Time (s): cpu = 00:00:00.15 ; elapsed = 00:00:00.11 . Memory (MB): peak = 1766.438 ; gain = 1.000 ; free physical = 55872 ; free virtual = 126217
Finished Constraint Validation : Time (s): cpu = 00:00:22 ; elapsed = 00:00:22 . Memory (MB): peak = 1766.438 ; gain = 835.965 ; free physical = 55871 ; free virtual = 126216
Finished Loading Part and Timing Information : Time (s): cpu = 00:00:22 ; elapsed = 00:00:22 . Memory (MB): peak = 1766.438 ; gain = 835.965 ; free physical = 55871 ; free virtual = 126216
Finished applying 'set_property' XDC Constraints : Time (s): cpu = 00:00:22 ; elapsed = 00:00:23 . Memory (MB): peak = 1766.438 ; gain = 835.965 ; free physical = 55871 ; free virtual = 126216
Finished RTL Optimization Phase 2 : Time (s): cpu = 00:00:24 ; elapsed = 00:00:25 . Memory (MB): peak = 1766.438 ; gain = 835.965 ; free physical = 55863 ; free virtual = 126208
Finished Cross Boundary and Area Optimization : Time (s): cpu = 00:00:29 ; elapsed = 00:00:30 . Memory (MB): peak = 1766.438 ; gain = 835.965 ; free physical = 55848 ; free virtual = 126192
Finished Applying XDC Timing Constraints : Time (s): cpu = 00:00:33 ; elapsed = 00:00:34 . Memory (MB): peak = 1766.438 ; gain = 835.965 ; free physical = 55834 ; free virtual = 126178
Finished Timing Optimization : Time (s): cpu = 00:00:39 ; elapsed = 00:00:40 . Memory (MB): peak = 1766.438 ; gain = 835.965 ; free physical = 55755 ; free virtual = 126099
Finished Technology Mapping : Time (s): cpu = 00:00:40 ; elapsed = 00:00:41 . Memory (MB): peak = 1766.438 ; gain = 835.965 ; free physical = 55754 ; free virtual = 126099
Finished IO Insertion : Time (s): cpu = 00:00:41 ; elapsed = 00:00:41 . Memory (MB): peak = 1766.438 ; gain = 835.965 ; free physical = 55754 ; free virtual = 126099
Finished Renaming Generated Instances : Time (s): cpu = 00:00:41 ; elapsed = 00:00:41 . Memory (MB): peak = 1766.438 ; gain = 835.965 ; free physical = 55754 ; free virtual = 126099
Finished Rebuilding User Hierarchy : Time (s): cpu = 00:00:41 ; elapsed = 00:00:42 . Memory (MB): peak = 1766.438 ; gain = 835.965 ; free physical = 55754 ; free virtual = 126099
Finished Renaming Generated Ports : Time (s): cpu = 00:00:41 ; elapsed = 00:00:42 . Memory (MB): peak = 1766.438 ; gain = 835.965 ; free physical = 55754 ; free virtual = 126099
Finished Handling Custom Attributes : Time (s): cpu = 00:00:41 ; elapsed = 00:00:42 . Memory (MB): peak = 1766.438 ; gain = 835.965 ; free physical = 55754 ; free virtual = 126099
Finished Renaming Generated Nets : Time (s): cpu = 00:00:41 ; elapsed = 00:00:42 . Memory (MB): peak = 1766.438 ; gain = 835.965 ; free physical = 55754 ; free virtual = 126099

Report Cell Usage: 
+------+---------+------+
|      |Cell     |Count |
+------+---------+------+
|1     |AND2B1L  |     1|
|2     |LUT1     |    17|
|3     |LUT2     |    76|
|4     |LUT3     |   189|
|5     |LUT4     |   189|
|6     |LUT5     |   163|
|7     |LUT6     |   455|
|8     |LUT6_2   |    80|
|9     |MULT_AND |     1|
|10    |MUXCY_L  |   136|
|11    |MUXF7    |   117|
|12    |RAM32M   |    16|
|13    |SRL16E   |    89|
|14    |SRLC16E  |     8|
|15    |XORCY    |    94|
|16    |FDCE     |   143|
|17    |FDE      |    32|
|18    |FDR      |    89|
|19    |FDRE     |  1256|
|20    |FDS      |     1|
|21    |FDSE     |    36|
+------+---------+------+
Finished Writing Synthesis Report : Time (s): cpu = 00:00:41 ; elapsed = 00:00:42 . Memory (MB): peak = 1766.438 ; gain = 835.965 ; free physical = 55754 ; free virtual = 126099
synth_design: Time (s): cpu = 00:00:46 ; elapsed = 00:00:46 . Memory (MB): peak = 2431.742 ; gain = 1402.766 ; free physical = 55272 ; free virtual = 125617
