#-----------------------------------------------------------
# Vivado v2016.4 (64-bit)
# SW Build 1756540 on Mon Jan 23 19:11:19 MST 2017
# IP Build 1755317 on Mon Jan 23 20:30:07 MST 2017
# Start of session at: Mon Oct 29 13:06:28 2018
# Process ID: 30565
# Current directory: /home/nadeen/SIGCOMM/PANAMA/Vivado/my_netfpga
# Command line: vivado
# Log file: /home/nadeen/SIGCOMM/PANAMA/Vivado/my_netfpga/vivado.log
# Journal file: /home/nadeen/SIGCOMM/PANAMA/Vivado/my_netfpga/vivado.jou
#-----------------------------------------------------------
start_gui
Warning: X locale modifiers not supported, using default
xterm: Failed to open input method
open_project /home/nadeen/SIGCOMM/PANAMA/Useful_Vivado_Projects/fp_adder/fp_adder.xpr
Scanning sources...
Finished scanning sources
INFO: [IP_Flow 19-234] Refreshing IP repositories
INFO: [IP_Flow 19-1704] No user IP repositories specified
INFO: [IP_Flow 19-2313] Loaded Vivado IP repository '/opt/Xilinx/Vivado/2016.4/data/ip'.
open_bd_design {/home/nadeen/SIGCOMM/PANAMA/Useful_Vivado_Projects/fp_adder/fp_adder.srcs/sources_1/bd/fp_unit/fp_unit.bd}
Adding cell -- xilinx.com:ip:floating_point:7.1 - floating_point_0
Adding cell -- xilinx.com:ip:floating_point:7.1 - floating_point_1
Adding cell -- xilinx.com:ip:floating_point:7.1 - floating_point_2
Adding cell -- xilinx.com:ip:fifo_generator:13.1 - fifo_generator_0
INFO: [xilinx.com:ip:fifo_generator:13.1-5968] /fifo_generator_0Executing the post_config_ip from bd
WARNING: [BD 41-1731] Type mismatch between connected pins: /fifo_srst(rst) and /fifo_generator_0/srst(undef)
Successfully read diagram <fp_unit> from BD file </home/nadeen/SIGCOMM/PANAMA/Useful_Vivado_Projects/fp_adder/fp_adder.srcs/sources_1/bd/fp_unit/fp_unit.bd>
create_bd_design "memory_source"
Wrote  : </home/nadeen/SIGCOMM/PANAMA/Useful_Vivado_Projects/fp_adder/fp_adder.srcs/sources_1/bd/memory_source/memory_source.bd> 
startgroup
create_bd_cell -type ip -vlnv xilinx.com:ip:blk_mem_gen:8.3 blk_mem_gen_0
INFO: [Device 21-403] Loading part xc7vx690tffg1761-3
create_bd_cell: Time (s): cpu = 00:00:07 ; elapsed = 00:00:06 . Memory (MB): peak = 6307.043 ; gain = 280.348 ; free physical = 56188 ; free virtual = 126080
endgroup
WARNING: [IP_Flow 19-4067] Ignoring invalid widget type specified checkbox.Providing a default widget
WARNING: [IP_Flow 19-4067] Ignoring invalid widget type specified checkbox.Providing a default widget
remove_files  /home/nadeen/SIGCOMM/PANAMA/Useful_Vivado_Projects/fp_adder/fp_adder.srcs/sources_1/bd/memory_source/memory_source.bd
file delete -force /home/nadeen/SIGCOMM/PANAMA/Useful_Vivado_Projects/fp_adder/fp_adder.srcs/sources_1/bd/memory_source
set_property SOURCE_SET sources_1 [get_filesets sim_1]
close [ open /home/nadeen/SIGCOMM/PANAMA/Useful_Vivado_Projects/fp_adder/fp_adder.srcs/sim_1/new/stim_gen.v w ]
add_files -fileset sim_1 /home/nadeen/SIGCOMM/PANAMA/Useful_Vivado_Projects/fp_adder/fp_adder.srcs/sim_1/new/stim_gen.v
exit
INFO: [Common 17-206] Exiting Vivado at Mon Oct 29 14:02:35 2018...
