#-----------------------------------------------------------
# Vivado v2016.4 (64-bit)
# SW Build 1756540 on Mon Jan 23 19:11:19 MST 2017
# IP Build 1755317 on Mon Jan 23 20:30:07 MST 2017
# Start of session at: Mon Nov 12 14:08:56 2018
# Process ID: 21924
# Current directory: /home/nadeen/SIGCOMM/PANAMA/Vivado/my_netfpga/tools/scripts
# Command line: vivado
# Log file: /home/nadeen/SIGCOMM/PANAMA/Vivado/my_netfpga/tools/scripts/vivado.log
# Journal file: /home/nadeen/SIGCOMM/PANAMA/Vivado/my_netfpga/tools/scripts/vivado.jou
#-----------------------------------------------------------
start_gui
open_project /home/nadeen/SIGCOMM/PANAMA/Useful_Vivado_Projects/project_1/project_1.xpr
Scanning sources...
Finished scanning sources
INFO: [IP_Flow 19-234] Refreshing IP repositories
INFO: [IP_Flow 19-1700] Loaded user IP repository '/home/nadeen/Downloads/vivado-library'.
INFO: [IP_Flow 19-2313] Loaded Vivado IP repository '/opt/Xilinx/Vivado/2016.4/data/ip'.
open_bd_design {/home/nadeen/SIGCOMM/PANAMA/Useful_Vivado_Projects/project_1/project_1.srcs/sources_1/bd/design_1/design_1.bd}
Adding cell -- xilinx.com:ip:floating_point:7.1 - floating_point_0
Adding cell -- xilinx.com:ip:fifo_generator:13.1 - fifo_generator_0
INFO: [xilinx.com:ip:fifo_generator:13.1-5968] /fifo_generator_0Executing the post_config_ip from bd
Successfully read diagram <design_1> from BD file </home/nadeen/SIGCOMM/PANAMA/Useful_Vivado_Projects/project_1/project_1.srcs/sources_1/bd/design_1/design_1.bd>
startgroup
create_bd_cell -type ip -vlnv xilinx.com:ip:floating_point:7.1 floating_point_1
endgroup
startgroup
set_property -dict [list CONFIG.Add_Sub_Value {Add} CONFIG.Flow_Control {NonBlocking} CONFIG.Maximum_Latency {false} CONFIG.C_Latency {1} CONFIG.Has_RESULT_TREADY {false}] [get_bd_cells floating_point_1]
endgroup
exit
INFO: [Common 17-206] Exiting Vivado at Mon Nov 12 14:14:03 2018...
