#-----------------------------------------------------------
# Vivado v2016.4 (64-bit)
# SW Build 1756540 on Mon Jan 23 19:11:19 MST 2017
# IP Build 1755317 on Mon Jan 23 20:30:07 MST 2017
# Start of session at: Mon Nov 12 09:41:08 2018
# Process ID: 14832
# Current directory: /home/nadeen/SIGCOMM/PANAMA/Vivado/my_netfpga/tools/scripts
# Command line: vivado ../../lib/my_hw/std/cores/fp_adder_v1_0_0/ip_proj/fp_adder.xpr
# Log file: /home/nadeen/SIGCOMM/PANAMA/Vivado/my_netfpga/tools/scripts/vivado.log
# Journal file: /home/nadeen/SIGCOMM/PANAMA/Vivado/my_netfpga/tools/scripts/vivado.jou
#-----------------------------------------------------------
start_gui
open_project ../../lib/my_hw/std/cores/fp_adder_v1_0_0/ip_proj/fp_adder.xpr
Scanning sources...
Finished scanning sources
INFO: [IP_Flow 19-234] Refreshing IP repositories
INFO: [IP_Flow 19-1700] Loaded user IP repository '/home/nadeen/SIGCOMM/PANAMA/Vivado/my_netfpga/lib/my_hw'.
WARNING: [IP_Flow 19-3656] If you move the project, the path for repository '/home/nadeen/SIGCOMM/PANAMA/Vivado/my_netfpga/lib/my_hw' may become invalid. A better location for the repository would be in a path adjacent to the project. (Current project location is '/home/nadeen/SIGCOMM/PANAMA/Vivado/my_netfpga/lib/my_hw/std/cores/fp_adder_v1_0_0/ip_proj'.)
INFO: [IP_Flow 19-2313] Loaded Vivado IP repository '/opt/Xilinx/Vivado/2016.4/data/ip'.
exit
INFO: [Common 17-206] Exiting Vivado at Mon Nov 12 09:42:38 2018...
