
*** Running vivado
    with args -log control_sub_axis_dwidth_dma_tx_0.vds -m64 -product Vivado -mode batch -messageDb vivado.pb -notrace -source control_sub_axis_dwidth_dma_tx_0.tcl


****** Vivado v2016.4 (64-bit)
  **** SW Build 1756540 on Mon Jan 23 19:11:19 MST 2017
  **** IP Build 1755317 on Mon Jan 23 20:30:07 MST 2017
    ** Copyright 1986-2016 Xilinx, Inc. All Rights Reserved.

source control_sub_axis_dwidth_dma_tx_0.tcl -notrace
Starting RTL Elaboration : Time (s): cpu = 00:00:04 ; elapsed = 00:00:05 . Memory (MB): peak = 1157.398 ; gain = 226.934 ; free physical = 56445 ; free virtual = 126670
INFO: [Synth 8-638] synthesizing module 'control_sub_axis_dwidth_dma_tx_0' [/home/nadeen/SIGCOMM/PANAMA/Vivado/my_netfpga/projects/reference_switch_lite/hw/project/reference_switch_lite.srcs/sources_1/bd/control_sub/ip/control_sub_axis_dwidth_dma_tx_0/synth/control_sub_axis_dwidth_dma_tx_0.v:57]
INFO: [Synth 8-638] synthesizing module 'axis_dwidth_converter_v1_1_10_axis_dwidth_converter' [/home/nadeen/SIGCOMM/PANAMA/Vivado/my_netfpga/projects/reference_switch_lite/hw/project/reference_switch_lite.srcs/sources_1/bd/control_sub/ipshared/7aab/hdl/axis_dwidth_converter_v1_1_vl_rfs.v:809]
INFO: [Synth 8-638] synthesizing module 'axis_dwidth_converter_v1_1_10_axisc_upsizer' [/home/nadeen/SIGCOMM/PANAMA/Vivado/my_netfpga/projects/reference_switch_lite/hw/project/reference_switch_lite.srcs/sources_1/bd/control_sub/ipshared/7aab/hdl/axis_dwidth_converter_v1_1_vl_rfs.v:437]
INFO: [Synth 8-256] done synthesizing module 'axis_dwidth_converter_v1_1_10_axisc_upsizer' (1#1) [/home/nadeen/SIGCOMM/PANAMA/Vivado/my_netfpga/projects/reference_switch_lite/hw/project/reference_switch_lite.srcs/sources_1/bd/control_sub/ipshared/7aab/hdl/axis_dwidth_converter_v1_1_vl_rfs.v:437]
INFO: [Synth 8-638] synthesizing module 'axis_register_slice_v1_1_11_axis_register_slice' [/home/nadeen/SIGCOMM/PANAMA/Vivado/my_netfpga/projects/reference_switch_lite/hw/project/reference_switch_lite.srcs/sources_1/bd/control_sub/ipshared/09aa/hdl/axis_register_slice_v1_1_vl_rfs.v:770]
INFO: [Synth 8-638] synthesizing module 'axis_infrastructure_v1_1_0_util_axis2vector' [/home/nadeen/SIGCOMM/PANAMA/Vivado/my_netfpga/projects/reference_switch_lite/hw/project/reference_switch_lite.srcs/sources_1/bd/control_sub/ipshared/fe67/hdl/axis_infrastructure_v1_1_vl_rfs.v:810]
INFO: [Synth 8-256] done synthesizing module 'axis_infrastructure_v1_1_0_util_axis2vector' (2#1) [/home/nadeen/SIGCOMM/PANAMA/Vivado/my_netfpga/projects/reference_switch_lite/hw/project/reference_switch_lite.srcs/sources_1/bd/control_sub/ipshared/fe67/hdl/axis_infrastructure_v1_1_vl_rfs.v:810]
INFO: [Synth 8-638] synthesizing module 'axis_register_slice_v1_1_11_axisc_register_slice' [/home/nadeen/SIGCOMM/PANAMA/Vivado/my_netfpga/projects/reference_switch_lite/hw/project/reference_switch_lite.srcs/sources_1/bd/control_sub/ipshared/09aa/hdl/axis_register_slice_v1_1_vl_rfs.v:62]
INFO: [Synth 8-256] done synthesizing module 'axis_register_slice_v1_1_11_axisc_register_slice' (3#1) [/home/nadeen/SIGCOMM/PANAMA/Vivado/my_netfpga/projects/reference_switch_lite/hw/project/reference_switch_lite.srcs/sources_1/bd/control_sub/ipshared/09aa/hdl/axis_register_slice_v1_1_vl_rfs.v:62]
INFO: [Synth 8-638] synthesizing module 'axis_infrastructure_v1_1_0_util_vector2axis' [/home/nadeen/SIGCOMM/PANAMA/Vivado/my_netfpga/projects/reference_switch_lite/hw/project/reference_switch_lite.srcs/sources_1/bd/control_sub/ipshared/fe67/hdl/axis_infrastructure_v1_1_vl_rfs.v:992]
INFO: [Synth 8-256] done synthesizing module 'axis_infrastructure_v1_1_0_util_vector2axis' (4#1) [/home/nadeen/SIGCOMM/PANAMA/Vivado/my_netfpga/projects/reference_switch_lite/hw/project/reference_switch_lite.srcs/sources_1/bd/control_sub/ipshared/fe67/hdl/axis_infrastructure_v1_1_vl_rfs.v:992]
INFO: [Synth 8-256] done synthesizing module 'axis_register_slice_v1_1_11_axis_register_slice' (5#1) [/home/nadeen/SIGCOMM/PANAMA/Vivado/my_netfpga/projects/reference_switch_lite/hw/project/reference_switch_lite.srcs/sources_1/bd/control_sub/ipshared/09aa/hdl/axis_register_slice_v1_1_vl_rfs.v:770]
INFO: [Synth 8-638] synthesizing module 'axis_register_slice_v1_1_11_axis_register_slice__parameterized0' [/home/nadeen/SIGCOMM/PANAMA/Vivado/my_netfpga/projects/reference_switch_lite/hw/project/reference_switch_lite.srcs/sources_1/bd/control_sub/ipshared/09aa/hdl/axis_register_slice_v1_1_vl_rfs.v:770]
INFO: [Synth 8-638] synthesizing module 'axis_infrastructure_v1_1_0_util_axis2vector__parameterized0' [/home/nadeen/SIGCOMM/PANAMA/Vivado/my_netfpga/projects/reference_switch_lite/hw/project/reference_switch_lite.srcs/sources_1/bd/control_sub/ipshared/fe67/hdl/axis_infrastructure_v1_1_vl_rfs.v:810]
INFO: [Synth 8-256] done synthesizing module 'axis_infrastructure_v1_1_0_util_axis2vector__parameterized0' (5#1) [/home/nadeen/SIGCOMM/PANAMA/Vivado/my_netfpga/projects/reference_switch_lite/hw/project/reference_switch_lite.srcs/sources_1/bd/control_sub/ipshared/fe67/hdl/axis_infrastructure_v1_1_vl_rfs.v:810]
INFO: [Synth 8-638] synthesizing module 'axis_register_slice_v1_1_11_axisc_register_slice__parameterized0' [/home/nadeen/SIGCOMM/PANAMA/Vivado/my_netfpga/projects/reference_switch_lite/hw/project/reference_switch_lite.srcs/sources_1/bd/control_sub/ipshared/09aa/hdl/axis_register_slice_v1_1_vl_rfs.v:62]
INFO: [Synth 8-256] done synthesizing module 'axis_register_slice_v1_1_11_axisc_register_slice__parameterized0' (5#1) [/home/nadeen/SIGCOMM/PANAMA/Vivado/my_netfpga/projects/reference_switch_lite/hw/project/reference_switch_lite.srcs/sources_1/bd/control_sub/ipshared/09aa/hdl/axis_register_slice_v1_1_vl_rfs.v:62]
INFO: [Synth 8-638] synthesizing module 'axis_infrastructure_v1_1_0_util_vector2axis__parameterized0' [/home/nadeen/SIGCOMM/PANAMA/Vivado/my_netfpga/projects/reference_switch_lite/hw/project/reference_switch_lite.srcs/sources_1/bd/control_sub/ipshared/fe67/hdl/axis_infrastructure_v1_1_vl_rfs.v:992]
INFO: [Synth 8-256] done synthesizing module 'axis_infrastructure_v1_1_0_util_vector2axis__parameterized0' (5#1) [/home/nadeen/SIGCOMM/PANAMA/Vivado/my_netfpga/projects/reference_switch_lite/hw/project/reference_switch_lite.srcs/sources_1/bd/control_sub/ipshared/fe67/hdl/axis_infrastructure_v1_1_vl_rfs.v:992]
INFO: [Synth 8-256] done synthesizing module 'axis_register_slice_v1_1_11_axis_register_slice__parameterized0' (5#1) [/home/nadeen/SIGCOMM/PANAMA/Vivado/my_netfpga/projects/reference_switch_lite/hw/project/reference_switch_lite.srcs/sources_1/bd/control_sub/ipshared/09aa/hdl/axis_register_slice_v1_1_vl_rfs.v:770]
INFO: [Synth 8-256] done synthesizing module 'axis_dwidth_converter_v1_1_10_axis_dwidth_converter' (6#1) [/home/nadeen/SIGCOMM/PANAMA/Vivado/my_netfpga/projects/reference_switch_lite/hw/project/reference_switch_lite.srcs/sources_1/bd/control_sub/ipshared/7aab/hdl/axis_dwidth_converter_v1_1_vl_rfs.v:809]
INFO: [Synth 8-256] done synthesizing module 'control_sub_axis_dwidth_dma_tx_0' (7#1) [/home/nadeen/SIGCOMM/PANAMA/Vivado/my_netfpga/projects/reference_switch_lite/hw/project/reference_switch_lite.srcs/sources_1/bd/control_sub/ip/control_sub_axis_dwidth_dma_tx_0/synth/control_sub_axis_dwidth_dma_tx_0.v:57]
Finished RTL Elaboration : Time (s): cpu = 00:00:05 ; elapsed = 00:00:05 . Memory (MB): peak = 1197.867 ; gain = 267.402 ; free physical = 56402 ; free virtual = 126627
Finished RTL Optimization Phase 1 : Time (s): cpu = 00:00:05 ; elapsed = 00:00:05 . Memory (MB): peak = 1197.867 ; gain = 267.402 ; free physical = 56402 ; free virtual = 126627
INFO: [Device 21-403] Loading part xc7vx690tffg1761-3
Constraint Validation Runtime : Time (s): cpu = 00:00:00.03 ; elapsed = 00:00:00.03 . Memory (MB): peak = 1694.094 ; gain = 0.000 ; free physical = 56071 ; free virtual = 126296
Finished Constraint Validation : Time (s): cpu = 00:00:17 ; elapsed = 00:00:17 . Memory (MB): peak = 1694.094 ; gain = 763.629 ; free physical = 56069 ; free virtual = 126295
Finished Loading Part and Timing Information : Time (s): cpu = 00:00:17 ; elapsed = 00:00:17 . Memory (MB): peak = 1694.094 ; gain = 763.629 ; free physical = 56069 ; free virtual = 126295
Finished applying 'set_property' XDC Constraints : Time (s): cpu = 00:00:17 ; elapsed = 00:00:17 . Memory (MB): peak = 1694.094 ; gain = 763.629 ; free physical = 56069 ; free virtual = 126295
Finished RTL Optimization Phase 2 : Time (s): cpu = 00:00:17 ; elapsed = 00:00:18 . Memory (MB): peak = 1694.094 ; gain = 763.629 ; free physical = 56054 ; free virtual = 126279
Finished Cross Boundary and Area Optimization : Time (s): cpu = 00:00:17 ; elapsed = 00:00:18 . Memory (MB): peak = 1694.094 ; gain = 763.629 ; free physical = 56039 ; free virtual = 126264
Finished Applying XDC Timing Constraints : Time (s): cpu = 00:00:21 ; elapsed = 00:00:22 . Memory (MB): peak = 1694.094 ; gain = 763.629 ; free physical = 56031 ; free virtual = 126256
Finished Timing Optimization : Time (s): cpu = 00:00:22 ; elapsed = 00:00:22 . Memory (MB): peak = 1694.094 ; gain = 763.629 ; free physical = 56021 ; free virtual = 126246
Finished Technology Mapping : Time (s): cpu = 00:00:22 ; elapsed = 00:00:22 . Memory (MB): peak = 1694.094 ; gain = 763.629 ; free physical = 56010 ; free virtual = 126235
Finished IO Insertion : Time (s): cpu = 00:00:22 ; elapsed = 00:00:22 . Memory (MB): peak = 1694.094 ; gain = 763.629 ; free physical = 56009 ; free virtual = 126234
Finished Renaming Generated Instances : Time (s): cpu = 00:00:22 ; elapsed = 00:00:22 . Memory (MB): peak = 1694.094 ; gain = 763.629 ; free physical = 56009 ; free virtual = 126234
Finished Rebuilding User Hierarchy : Time (s): cpu = 00:00:22 ; elapsed = 00:00:22 . Memory (MB): peak = 1694.094 ; gain = 763.629 ; free physical = 56009 ; free virtual = 126234
Finished Renaming Generated Ports : Time (s): cpu = 00:00:22 ; elapsed = 00:00:22 . Memory (MB): peak = 1694.094 ; gain = 763.629 ; free physical = 56009 ; free virtual = 126234
Finished Handling Custom Attributes : Time (s): cpu = 00:00:22 ; elapsed = 00:00:22 . Memory (MB): peak = 1694.094 ; gain = 763.629 ; free physical = 56009 ; free virtual = 126234
Finished Renaming Generated Nets : Time (s): cpu = 00:00:22 ; elapsed = 00:00:23 . Memory (MB): peak = 1694.094 ; gain = 763.629 ; free physical = 56009 ; free virtual = 126234

Report Cell Usage: 
+------+-----+------+
|      |Cell |Count |
+------+-----+------+
|1     |LUT1 |     1|
|2     |LUT2 |     1|
|3     |LUT3 |     6|
|4     |LUT4 |     5|
|5     |LUT5 |     8|
|6     |LUT6 |     8|
|7     |FDRE |   828|
|8     |FDSE |     1|
+------+-----+------+
Finished Writing Synthesis Report : Time (s): cpu = 00:00:22 ; elapsed = 00:00:23 . Memory (MB): peak = 1694.094 ; gain = 763.629 ; free physical = 56009 ; free virtual = 126234
synth_design: Time (s): cpu = 00:00:21 ; elapsed = 00:00:22 . Memory (MB): peak = 1694.094 ; gain = 668.125 ; free physical = 55987 ; free virtual = 126213
