#-----------------------------------------------------------
# Vivado v2016.4 (64-bit)
# SW Build 1756540 on Mon Jan 23 19:11:19 MST 2017
# IP Build 1755317 on Mon Jan 23 20:30:07 MST 2017
# Start of session at: Wed Nov 14 20:38:56 2018
# Process ID: 28716
# Current directory: /home/nadeen/SIGCOMM/PANAMA/Vivado/my_netfpga/lib/my_hw/std/cores/fp_datapath_v1_0_0
# Command line: vivado -mode batch -source fp_datapath.tcl
# Log file: /home/nadeen/SIGCOMM/PANAMA/Vivado/my_netfpga/lib/my_hw/std/cores/fp_datapath_v1_0_0/vivado.log
# Journal file: /home/nadeen/SIGCOMM/PANAMA/Vivado/my_netfpga/lib/my_hw/std/cores/fp_datapath_v1_0_0/vivado.jou
#-----------------------------------------------------------
source fp_datapath.tcl
# set design fp_datapath
# set top fp_datapath
# set device xc7vx690t-3-ffg1761
# set proj_dir ./ip_proj
# set ip_version 1.00
# set lib_name NetFPGA
# create_project -name ${design} -force -dir "./${proj_dir}" -part ${device} -ip
# set_property source_mgmt_mode All [current_project]  
# set_property top ${top} [current_fileset]
# set_property ip_repo_paths $::env(SUME_FOLDER)/lib/my_hw/  [current_fileset]
# update_ip_catalog
INFO: [IP_Flow 19-234] Refreshing IP repositories
INFO: [IP_Flow 19-1700] Loaded user IP repository '/home/nadeen/SIGCOMM/PANAMA/Vivado/my_netfpga/lib/my_hw'.
WARNING: [IP_Flow 19-3656] If you move the project, the path for repository '/home/nadeen/SIGCOMM/PANAMA/Vivado/my_netfpga/lib/my_hw' may become invalid. A better location for the repository would be in a path adjacent to the project. (Current project location is '/home/nadeen/SIGCOMM/PANAMA/Vivado/my_netfpga/lib/my_hw/std/cores/fp_datapath_v1_0_0/ip_proj'.)
INFO: [IP_Flow 19-2313] Loaded Vivado IP repository '/opt/Xilinx/Vivado/2016.4/data/ip'.
# puts "Creating FP_DATAPATH IP"
Creating FP_DATAPATH IP
# read_verilog "./hdl/fp_datapath.v"
# update_compile_order -fileset sources_1
# update_compile_order -fileset sim_1
# ipx::package_project
WARNING: [IP_Flow 19-3899] Cannot get the environment domain name variable for the component vendor name. Setting the vendor name to 'user.org'.
WARNING: [IP_Flow 19-587] [HDL Parser] HDL port or parameter 'data_reg' has a dependency on the module local parameter or undefined parameter 'DATA_OFFSET_INDEX'.
WARNING: [IP_Flow 19-587] [HDL Parser] HDL port or parameter 'tuser_reg' has a dependency on the module local parameter or undefined parameter 'DATA_OFFSET_INDEX'.
WARNING: [IP_Flow 19-587] [HDL Parser] HDL port or parameter 'tkeep_reg' has a dependency on the module local parameter or undefined parameter 'DATA_OFFSET_INDEX'.
WARNING: [IP_Flow 19-587] [HDL Parser] HDL port or parameter 'tlast_reg' has a dependency on the module local parameter or undefined parameter 'DATA_OFFSET_INDEX'.
WARNING: [IP_Flow 19-587] [HDL Parser] HDL port or parameter 'data_reg_next' has a dependency on the module local parameter or undefined parameter 'DATA_OFFSET_INDEX'.
WARNING: [IP_Flow 19-587] [HDL Parser] HDL port or parameter 'tuser_reg_next' has a dependency on the module local parameter or undefined parameter 'DATA_OFFSET_INDEX'.
WARNING: [IP_Flow 19-587] [HDL Parser] HDL port or parameter 'tkeep_reg_next' has a dependency on the module local parameter or undefined parameter 'DATA_OFFSET_INDEX'.
WARNING: [IP_Flow 19-587] [HDL Parser] HDL port or parameter 'tlast_reg_next' has a dependency on the module local parameter or undefined parameter 'DATA_OFFSET_INDEX'.
INFO: [IP_Flow 19-1976] HDL Parser: Replacing 'NUM_INPUT_STATES' by 2 for port or parameter 'input_state'
INFO: [IP_Flow 19-1976] HDL Parser: Replacing 'NUM_INPUT_STATES' by 2 for port or parameter 'input_state_next'
INFO: [IP_Flow 19-1976] HDL Parser: Replacing 'NUM_OUT_STATES' by 2 for port or parameter 'output_agg_state'
INFO: [IP_Flow 19-1976] HDL Parser: Replacing 'NUM_OUT_STATES' by 2 for port or parameter 'output_agg_state_next'
INFO: [IP_Flow 19-2228] Inferred bus interface 'm_axis_0' of definition 'xilinx.com:interface:axis:1.0'.
INFO: [IP_Flow 19-2228] Inferred bus interface 'm_axis_1' of definition 'xilinx.com:interface:axis:1.0'.
INFO: [IP_Flow 19-2228] Inferred bus interface 'm_axis_2' of definition 'xilinx.com:interface:axis:1.0'.
INFO: [IP_Flow 19-2228] Inferred bus interface 'm_axis_3' of definition 'xilinx.com:interface:axis:1.0'.
INFO: [IP_Flow 19-2228] Inferred bus interface 's_axis_0' of definition 'xilinx.com:interface:axis:1.0'.
INFO: [IP_Flow 19-2228] Inferred bus interface 's_axis_1' of definition 'xilinx.com:interface:axis:1.0'.
INFO: [IP_Flow 19-2228] Inferred bus interface 's_axis_2' of definition 'xilinx.com:interface:axis:1.0'.
INFO: [IP_Flow 19-2228] Inferred bus interface 's_axis_3' of definition 'xilinx.com:interface:axis:1.0'.
INFO: [IP_Flow 19-4753] Inferred signal 'reset' from port 'axis_resetn' as interface 'axis_resetn'.
INFO: [IP_Flow 19-4728] Bus Interface 'axis_resetn': Added interface parameter 'POLARITY' with value 'ACTIVE_LOW'.
INFO: [IP_Flow 19-4753] Inferred signal 'clock' from port 'axis_aclk' as interface 'axis_aclk'.
INFO: [IP_Flow 19-4728] Bus Interface 'axis_aclk': Added interface parameter 'ASSOCIATED_RESET' with value 'axis_resetn'.
# set_property name ${design} [ipx::current_core]
# set_property library ${lib_name} [ipx::current_core]
# set_property vendor_display_name {NetFPGA} [ipx::current_core]
# set_property company_url {www.netfpga.org} [ipx::current_core]
# set_property vendor {NetFPGA} [ipx::current_core]
# set_property supported_families {{virtex7} {Production}} [ipx::current_core]
# set_property taxonomy {{/NetFPGA/Generic}} [ipx::current_core]
# set_property version ${ip_version} [ipx::current_core]
# set_property display_name ${design} [ipx::current_core]
# set_property description ${design} [ipx::current_core]
# update_ip_catalog -rebuild 
INFO: [IP_Flow 19-234] Refreshing IP repositories
INFO: [IP_Flow 19-1700] Loaded user IP repository '/home/nadeen/SIGCOMM/PANAMA/Vivado/my_netfpga/lib/my_hw'.
WARNING: [IP_Flow 19-3656] If you move the project, the path for repository '/home/nadeen/SIGCOMM/PANAMA/Vivado/my_netfpga/lib/my_hw' may become invalid. A better location for the repository would be in a path adjacent to the project. (Current project location is '/home/nadeen/SIGCOMM/PANAMA/Vivado/my_netfpga/lib/my_hw/std/cores/fp_datapath_v1_0_0/ip_proj'.)
# ipx::add_subcore NetFPGA:NetFPGA:fallthrough_small_fifo:1.00 [ipx::get_file_groups xilinx_anylanguagesynthesis -of_objects [ipx::current_core]]
# ipx::add_subcore NetFPGA:NetFPGA:fallthrough_small_fifo:1.00 [ipx::get_file_groups xilinx_anylanguagebehavioralsimulation -of_objects [ipx::current_core]]
# ipx::infer_user_parameters [ipx::current_core]
# ipx::add_subcore NetFPGA:NetFPGA:fp_adder:1.00 [ipx::get_file_groups xilinx_anylanguagesynthesis -of_objects [ipx::current_core]]
# ipx::add_subcore NetFPGA:NetFPGA:fp_adder:1.00 [ipx::get_file_groups xilinx_anylanguagebehavioralsimulation -of_objects [ipx::current_core]]
# ipx::infer_user_parameters [ipx::current_core]
# ipx::add_user_parameter {C_M_AXIS_DATA_WIDTH} [ipx::current_core]
# set_property value_resolve_type {user} [ipx::get_user_parameters C_M_AXIS_DATA_WIDTH]
# set_property display_name {C_M_AXIS_DATA_WIDTH} [ipx::get_user_parameters C_M_AXIS_DATA_WIDTH]
# set_property value {64} [ipx::get_user_parameters C_M_AXIS_DATA_WIDTH]
# set_property value_format {long} [ipx::get_user_parameters C_M_AXIS_DATA_WIDTH]
# ipx::add_user_parameter {C_S_AXIS_DATA_WIDTH} [ipx::current_core]
# set_property value_resolve_type {user} [ipx::get_user_parameters C_S_AXIS_DATA_WIDTH]
# set_property display_name {C_S_AXIS_DATA_WIDTH} [ipx::get_user_parameters C_S_AXIS_DATA_WIDTH]
# set_property value {64} [ipx::get_user_parameters C_S_AXIS_DATA_WIDTH]
# set_property value_format {long} [ipx::get_user_parameters C_S_AXIS_DATA_WIDTH]
# ipx::add_user_parameter {C_M_AXIS_TUSER_WIDTH} [ipx::current_core]
# set_property value_resolve_type {user} [ipx::get_user_parameters C_M_AXIS_TUSER_WIDTH]
# set_property display_name {C_M_AXIS_TUSER_WIDTH} [ipx::get_user_parameters C_M_AXIS_TUSER_WIDTH]
# set_property value {128} [ipx::get_user_parameters C_M_AXIS_TUSER_WIDTH]
# set_property value_format {long} [ipx::get_user_parameters C_M_AXIS_TUSER_WIDTH]
# ipx::add_user_parameter {C_S_AXIS_TUSER_WIDTH} [ipx::current_core]
# set_property value_resolve_type {user} [ipx::get_user_parameters C_S_AXIS_TUSER_WIDTH]
# set_property display_name {C_S_AXIS_TUSER_WIDTH} [ipx::get_user_parameters C_S_AXIS_TUSER_WIDTH]
# set_property value {128} [ipx::get_user_parameters C_S_AXIS_TUSER_WIDTH]
# set_property value_format {long} [ipx::get_user_parameters C_S_AXIS_TUSER_WIDTH]
# ipx::add_user_parameter {C_S_AXI_DATA_WIDTH} [ipx::current_core]
# set_property value_resolve_type {user} [ipx::get_user_parameters C_S_AXI_DATA_WIDTH]
# set_property display_name {C_S_AXI_DATA_WIDTH} [ipx::get_user_parameters C_S_AXI_DATA_WIDTH]
# set_property value {32} [ipx::get_user_parameters C_S_AXI_DATA_WIDTH]
# set_property value_format {long} [ipx::get_user_parameters C_S_AXI_DATA_WIDTH]
# ipx::add_user_parameter {C_S_AXI_ADDR_WIDTH} [ipx::current_core]
# set_property value_resolve_type {user} [ipx::get_user_parameters C_S_AXI_ADDR_WIDTH]
# set_property display_name {C_S_AXI_ADDR_WIDTH} [ipx::get_user_parameters C_S_AXI_ADDR_WIDTH]
# set_property value {32} [ipx::get_user_parameters C_S_AXI_ADDR_WIDTH]
# set_property value_format {long} [ipx::get_user_parameters C_S_AXI_ADDR_WIDTH]
# ipx::add_user_parameter {SRC_MAC_POS} [ipx::current_core]
# set_property value_resolve_type {user} [ipx::get_user_parameters SRC_MAC_POS]
# set_property display_name {SRC_MAC_POS} [ipx::get_user_parameters SRC_MAC_POS]
# set_property value {48} [ipx::get_user_parameters SRC_MAC_POS]
# set_property value_format {long} [ipx::get_user_parameters SRC_MAC_POS]
# ipx::add_user_parameter {DEST_MAC_POS} [ipx::current_core]
# set_property value_resolve_type {user} [ipx::get_user_parameters DEST_MAC_POS]
# set_property display_name {DEST_MAC_POS} [ipx::get_user_parameters DEST_MAC_POS]
# set_property value {0} [ipx::get_user_parameters DEST_MAC_POS]
# set_property value_format {long} [ipx::get_user_parameters DEST_MAC_POS]
# ipx::add_user_parameter {NEW_DEST_MAC} [ipx::current_core]
# set_property value_resolve_type {user} [ipx::get_user_parameters NEW_DEST_MAC]
# set_property display_name {NEW_DEST_MAC} [ipx::get_user_parameters NEW_DEST_MAC]
# set_property value {0xFFFFFFFFFFFF} [ipx::get_user_parameters NEW_DEST_MAC]
# set_property value_format {bitstring} [ipx::get_user_parameters NEW_DEST_MAC]
# ipx::add_user_parameter {PORTS_BITMAP} [ipx::current_core]
# set_property value_resolve_type {user} [ipx::get_user_parameters PORTS_BITMAP]
# set_property display_name {PORTS_BITMAP} [ipx::get_user_parameters PORTS_BITMAP]
# set_property value {0x3} [ipx::get_user_parameters PORTS_BITMAP]
# set_property value_format {bitstring} [ipx::get_user_parameters PORTS_BITMAP]
# ipx::add_user_parameter {NUM_FP_UNITS} [ipx::current_core]
# set_property value_resolve_type {user} [ipx::get_user_parameters NUM_FP_UNITS]
# set_property display_name {NUM_FP_UNITS} [ipx::get_user_parameters NUM_FP_UNITS]
# set_property value {2} [ipx::get_user_parameters NUM_FP_UNITS]
# set_property value_format {long} [ipx::get_user_parameters NUM_FP_UNITS]
# ipx::add_user_parameter {FP_DATA_WIDTH} [ipx::current_core]
# set_property value_resolve_type {user} [ipx::get_user_parameters FP_DATA_WIDTH]
# set_property display_name {FP_DATA_WIDTH} [ipx::get_user_parameters FP_DATA_WIDTH]
# set_property value {32} [ipx::get_user_parameters FP_DATA_WIDTH]
# set_property value_format {long} [ipx::get_user_parameters FP_DATA_WIDTH]
# ipx::add_user_parameter {MY_HEADERS_POS} [ipx::current_core]
# set_property value_resolve_type {user} [ipx::get_user_parameters MY_HEADERS_POS]
# set_property display_name {MY_HEADERS_POS} [ipx::get_user_parameters MY_HEADERS_POS]
# set_property value {272} [ipx::get_user_parameters MY_HEADERS_POS]
# set_property value_format {long} [ipx::get_user_parameters MY_HEADERS_POS]
# ipx::add_user_parameter {OPP_CODE_POS} [ipx::current_core]
# set_property value_resolve_type {user} [ipx::get_user_parameters OPP_CODE_POS]
# set_property display_name {OPP_CODE_POS} [ipx::get_user_parameters OPP_CODE_POS]
# set_property value {274} [ipx::get_user_parameters OPP_CODE_POS]
# set_property value_format {long} [ipx::get_user_parameters OPP_CODE_POS]
# ipx::add_user_parameter {VECTOR_INDEX_POS} [ipx::current_core]
# set_property value_resolve_type {user} [ipx::get_user_parameters VECTOR_INDEX_POS]
# set_property display_name {VECTOR_INDEX_POS} [ipx::get_user_parameters VECTOR_INDEX_POS]
# set_property value {276} [ipx::get_user_parameters VECTOR_INDEX_POS]
# set_property value_format {long} [ipx::get_user_parameters VECTOR_INDEX_POS]
# ipx::add_user_parameter {FIN_POS} [ipx::current_core]
# set_property value_resolve_type {user} [ipx::get_user_parameters FIN_POS]
# set_property display_name {FIN_POS} [ipx::get_user_parameters FIN_POS]
# set_property value {308} [ipx::get_user_parameters FIN_POS]
# set_property value_format {long} [ipx::get_user_parameters FIN_POS]
# ipx::add_user_parameter {NUM_VARIABLES_POS} [ipx::current_core]
# set_property value_resolve_type {user} [ipx::get_user_parameters NUM_VARIABLES_POS]
# set_property display_name {NUM_VARIABLES_POS} [ipx::get_user_parameters NUM_VARIABLES_POS]
# set_property value {309} [ipx::get_user_parameters NUM_VARIABLES_POS]
# set_property value_format {long} [ipx::get_user_parameters NUM_VARIABLES_POS]
# ipx::add_user_parameter {DATA_POS} [ipx::current_core]
# set_property value_resolve_type {user} [ipx::get_user_parameters DATA_POS]
# set_property display_name {DATA_POS} [ipx::get_user_parameters DATA_POS]
# set_property value {320} [ipx::get_user_parameters DATA_POS]
# set_property value_format {long} [ipx::get_user_parameters DATA_POS]
# ipx::add_user_parameter {MASTER} [ipx::current_core]
# set_property value_resolve_type {user} [ipx::get_user_parameters MASTER]
# set_property display_name {MASTER} [ipx::get_user_parameters MASTER]
# set_property value {0} [ipx::get_user_parameters MASTER]
# set_property value_format {long} [ipx::get_user_parameters MASTER]
# ipx::add_user_parameter {C_BASEADDR} [ipx::current_core]
# set_property value_resolve_type {user} [ipx::get_user_parameters C_BASEADDR]
# set_property display_name {C_BASEADDR} [ipx::get_user_parameters C_BASEADDR]
# set_property value {0x00000000} [ipx::get_user_parameters C_BASEADDR]
# set_property value_format {bitstring} [ipx::get_user_parameters C_BASEADDR]
# ipx::add_bus_parameter FREQ_HZ [ipx::get_bus_interfaces s_axis_0 -of_objects [ipx::current_core]]
# ipx::add_bus_parameter FREQ_HZ [ipx::get_bus_interfaces s_axis_1 -of_objects [ipx::current_core]]
# ipx::add_bus_parameter FREQ_HZ [ipx::get_bus_interfaces s_axis_2 -of_objects [ipx::current_core]]
# ipx::add_bus_parameter FREQ_HZ [ipx::get_bus_interfaces s_axis_3 -of_objects [ipx::current_core]]
# ipx::add_bus_parameter FREQ_HZ [ipx::get_bus_interfaces m_axis_0 -of_objects [ipx::current_core]]
# ipx::add_bus_parameter FREQ_HZ [ipx::get_bus_interfaces m_axis_1 -of_objects [ipx::current_core]]
# ipx::add_bus_parameter FREQ_HZ [ipx::get_bus_interfaces m_axis_2 -of_objects [ipx::current_core]]
# ipx::add_bus_parameter FREQ_HZ [ipx::get_bus_interfaces m_axis_3 -of_objects [ipx::current_core]]
# ipx::infer_user_parameters [ipx::current_core]
# ipx::check_integrity [ipx::current_core]
INFO: [IP_Flow 19-861] XGUI layout file basename "xgui/fp_datapath_v1_0.tcl" does not have the current IP <name>_v<version> format. If the IP name or version was changed recently, recreate this file to update the file format.
INFO: [IP_Flow 19-3479] User Parameter 'C_M_AXIS_DATA_WIDTH': The long integer parameter is not bounded by any range or validation values.
INFO: [IP_Flow 19-3479] User Parameter 'C_S_AXIS_DATA_WIDTH': The long integer parameter is not bounded by any range or validation values.
INFO: [IP_Flow 19-3479] User Parameter 'C_M_AXIS_TUSER_WIDTH': The long integer parameter is not bounded by any range or validation values.
INFO: [IP_Flow 19-3479] User Parameter 'C_S_AXIS_TUSER_WIDTH': The long integer parameter is not bounded by any range or validation values.
INFO: [IP_Flow 19-3479] User Parameter 'NUM_QUEUES (Num Queues)': The long integer parameter is not bounded by any range or validation values.
INFO: [IP_Flow 19-3479] User Parameter 'C_S_AXI_DATA_WIDTH': The long integer parameter is not bounded by any range or validation values.
INFO: [IP_Flow 19-3479] User Parameter 'C_S_AXI_ADDR_WIDTH': The long integer parameter is not bounded by any range or validation values.
INFO: [IP_Flow 19-3479] User Parameter 'SRC_MAC_POS': The long integer parameter is not bounded by any range or validation values.
INFO: [IP_Flow 19-3479] User Parameter 'DEST_MAC_POS': The long integer parameter is not bounded by any range or validation values.
INFO: [IP_Flow 19-3479] User Parameter 'NUM_FP_UNITS': The long integer parameter is not bounded by any range or validation values.
INFO: [IP_Flow 19-3479] User Parameter 'FP_DATA_WIDTH': The long integer parameter is not bounded by any range or validation values.
INFO: [IP_Flow 19-3479] User Parameter 'MY_HEADERS_POS': The long integer parameter is not bounded by any range or validation values.
INFO: [IP_Flow 19-3479] User Parameter 'OPP_CODE_POS': The long integer parameter is not bounded by any range or validation values.
INFO: [IP_Flow 19-3479] User Parameter 'VECTOR_INDEX_POS': The long integer parameter is not bounded by any range or validation values.
INFO: [IP_Flow 19-3479] User Parameter 'FIN_POS': The long integer parameter is not bounded by any range or validation values.
INFO: [IP_Flow 19-3479] User Parameter 'NUM_VARIABLES_POS': The long integer parameter is not bounded by any range or validation values.
INFO: [IP_Flow 19-3479] User Parameter 'DATA_POS': The long integer parameter is not bounded by any range or validation values.
INFO: [IP_Flow 19-3479] User Parameter 'MASTER': The long integer parameter is not bounded by any range or validation values.
WARNING: [IP_Flow 19-3153] Bus Interface 'axis_aclk': ASSOCIATED_BUSIF bus parameter is missing.
INFO: [IP_Flow 19-2181] Payment Required is not set for this core.
INFO: [IP_Flow 19-2187] The Product Guide file is missing.
# ipx::save_core [ipx::current_core]
# update_ip_catalog
INFO: [IP_Flow 19-1839] IP Catalog is up to date.
# close_project
INFO: [Common 17-206] Exiting Vivado at Wed Nov 14 20:39:02 2018...
