
*** Running vivado
    with args -log control_sub_pcie3_7x_1_0.vds -m64 -product Vivado -mode batch -messageDb vivado.pb -notrace -source control_sub_pcie3_7x_1_0.tcl


****** Vivado v2016.4 (64-bit)
  **** SW Build 1756540 on Mon Jan 23 19:11:19 MST 2017
  **** IP Build 1755317 on Mon Jan 23 20:30:07 MST 2017
    ** Copyright 1986-2016 Xilinx, Inc. All Rights Reserved.

source control_sub_pcie3_7x_1_0.tcl -notrace
Starting RTL Elaboration : Time (s): cpu = 00:00:04 ; elapsed = 00:00:05 . Memory (MB): peak = 1165.406 ; gain = 234.934 ; free physical = 58115 ; free virtual = 126840
INFO: [Synth 8-638] synthesizing module 'control_sub_pcie3_7x_1_0' [/home/nadeen/SIGCOMM/PANAMA/Vivado/my_netfpga/projects/reference_switch_lite/hw/project/reference_switch_lite.srcs/sources_1/bd/control_sub/ip/control_sub_pcie3_7x_1_0/synth/control_sub_pcie3_7x_1_0.v:76]
INFO: [Synth 8-638] synthesizing module 'control_sub_pcie3_7x_1_0_pcie_3_0_7vx' [/home/nadeen/SIGCOMM/PANAMA/Vivado/my_netfpga/projects/reference_switch_lite/hw/project/reference_switch_lite.srcs/sources_1/bd/control_sub/ip/control_sub_pcie3_7x_1_0/source/control_sub_pcie3_7x_1_0_pcie_3_0_7vx.v:116]
INFO: [Synth 8-638] synthesizing module 'control_sub_pcie3_7x_1_0_pcie_top' [/home/nadeen/SIGCOMM/PANAMA/Vivado/my_netfpga/projects/reference_switch_lite/hw/project/reference_switch_lite.srcs/sources_1/bd/control_sub/ip/control_sub_pcie3_7x_1_0/source/control_sub_pcie3_7x_1_0_pcie_top.v:82]
INFO: [Synth 8-638] synthesizing module 'control_sub_pcie3_7x_1_0_pcie_init_ctrl_7vx' [/home/nadeen/SIGCOMM/PANAMA/Vivado/my_netfpga/projects/reference_switch_lite/hw/project/reference_switch_lite.srcs/sources_1/bd/control_sub/ip/control_sub_pcie3_7x_1_0/source/control_sub_pcie3_7x_1_0_pcie_init_ctrl_7vx.v:66]
INFO: [Synth 8-256] done synthesizing module 'control_sub_pcie3_7x_1_0_pcie_init_ctrl_7vx' (1#1) [/home/nadeen/SIGCOMM/PANAMA/Vivado/my_netfpga/projects/reference_switch_lite/hw/project/reference_switch_lite.srcs/sources_1/bd/control_sub/ip/control_sub_pcie3_7x_1_0/source/control_sub_pcie3_7x_1_0_pcie_init_ctrl_7vx.v:66]
INFO: [Synth 8-638] synthesizing module 'control_sub_pcie3_7x_1_0_pcie_tlp_tph_tbl_7vx' [/home/nadeen/SIGCOMM/PANAMA/Vivado/my_netfpga/projects/reference_switch_lite/hw/project/reference_switch_lite.srcs/sources_1/bd/control_sub/ip/control_sub_pcie3_7x_1_0/source/control_sub_pcie3_7x_1_0_pcie_tlp_tph_tbl_7vx.v:65]
INFO: [Synth 8-638] synthesizing module 'RAMB36E1' [/opt/Xilinx/Vivado/2016.4/scripts/rt/data/unisim_comp.v:42143]
INFO: [Synth 8-256] done synthesizing module 'RAMB36E1' (2#1) [/opt/Xilinx/Vivado/2016.4/scripts/rt/data/unisim_comp.v:42143]
INFO: [Synth 8-256] done synthesizing module 'control_sub_pcie3_7x_1_0_pcie_tlp_tph_tbl_7vx' (3#1) [/home/nadeen/SIGCOMM/PANAMA/Vivado/my_netfpga/projects/reference_switch_lite/hw/project/reference_switch_lite.srcs/sources_1/bd/control_sub/ip/control_sub_pcie3_7x_1_0/source/control_sub_pcie3_7x_1_0_pcie_tlp_tph_tbl_7vx.v:65]
INFO: [Synth 8-638] synthesizing module 'control_sub_pcie3_7x_1_0_pcie_7vx' [/home/nadeen/SIGCOMM/PANAMA/Vivado/my_netfpga/projects/reference_switch_lite/hw/project/reference_switch_lite.srcs/sources_1/bd/control_sub/ip/control_sub_pcie3_7x_1_0/source/control_sub_pcie3_7x_1_0_pcie_7vx.v:76]
INFO: [Synth 8-638] synthesizing module 'PCIE_3_0' [/opt/Xilinx/Vivado/2016.4/scripts/rt/data/unisim_comp.v:29106]
INFO: [Synth 8-256] done synthesizing module 'PCIE_3_0' (4#1) [/opt/Xilinx/Vivado/2016.4/scripts/rt/data/unisim_comp.v:29106]
INFO: [Synth 8-638] synthesizing module 'control_sub_pcie3_7x_1_0_pcie_bram_7vx' [/home/nadeen/SIGCOMM/PANAMA/Vivado/my_netfpga/projects/reference_switch_lite/hw/project/reference_switch_lite.srcs/sources_1/bd/control_sub/ip/control_sub_pcie3_7x_1_0/source/control_sub_pcie3_7x_1_0_pcie_bram_7vx.v:73]
INFO: [Synth 8-638] synthesizing module 'control_sub_pcie3_7x_1_0_pcie_bram_7vx_rep' [/home/nadeen/SIGCOMM/PANAMA/Vivado/my_netfpga/projects/reference_switch_lite/hw/project/reference_switch_lite.srcs/sources_1/bd/control_sub/ip/control_sub_pcie3_7x_1_0/source/control_sub_pcie3_7x_1_0_pcie_bram_7vx_rep.v:67]
INFO: [Synth 8-638] synthesizing module 'control_sub_pcie3_7x_1_0_pcie_bram_7vx_rep_8k' [/home/nadeen/SIGCOMM/PANAMA/Vivado/my_netfpga/projects/reference_switch_lite/hw/project/reference_switch_lite.srcs/sources_1/bd/control_sub/ip/control_sub_pcie3_7x_1_0/source/control_sub_pcie3_7x_1_0_pcie_bram_7vx_rep_8k.v:67]
INFO: [Synth 8-638] synthesizing module 'RAMB36E1__parameterized0' [/opt/Xilinx/Vivado/2016.4/scripts/rt/data/unisim_comp.v:42143]
INFO: [Synth 8-256] done synthesizing module 'RAMB36E1__parameterized0' (4#1) [/opt/Xilinx/Vivado/2016.4/scripts/rt/data/unisim_comp.v:42143]
INFO: [Synth 8-638] synthesizing module 'RAMB36E1__parameterized1' [/opt/Xilinx/Vivado/2016.4/scripts/rt/data/unisim_comp.v:42143]
INFO: [Synth 8-256] done synthesizing module 'RAMB36E1__parameterized1' (4#1) [/opt/Xilinx/Vivado/2016.4/scripts/rt/data/unisim_comp.v:42143]
INFO: [Synth 8-256] done synthesizing module 'control_sub_pcie3_7x_1_0_pcie_bram_7vx_rep_8k' (5#1) [/home/nadeen/SIGCOMM/PANAMA/Vivado/my_netfpga/projects/reference_switch_lite/hw/project/reference_switch_lite.srcs/sources_1/bd/control_sub/ip/control_sub_pcie3_7x_1_0/source/control_sub_pcie3_7x_1_0_pcie_bram_7vx_rep_8k.v:67]
INFO: [Synth 8-256] done synthesizing module 'control_sub_pcie3_7x_1_0_pcie_bram_7vx_rep' (6#1) [/home/nadeen/SIGCOMM/PANAMA/Vivado/my_netfpga/projects/reference_switch_lite/hw/project/reference_switch_lite.srcs/sources_1/bd/control_sub/ip/control_sub_pcie3_7x_1_0/source/control_sub_pcie3_7x_1_0_pcie_bram_7vx_rep.v:67]
INFO: [Synth 8-638] synthesizing module 'control_sub_pcie3_7x_1_0_pcie_bram_7vx_req' [/home/nadeen/SIGCOMM/PANAMA/Vivado/my_netfpga/projects/reference_switch_lite/hw/project/reference_switch_lite.srcs/sources_1/bd/control_sub/ip/control_sub_pcie3_7x_1_0/source/control_sub_pcie3_7x_1_0_pcie_bram_7vx_req.v:67]
INFO: [Synth 8-638] synthesizing module 'control_sub_pcie3_7x_1_0_pcie_bram_7vx_8k' [/home/nadeen/SIGCOMM/PANAMA/Vivado/my_netfpga/projects/reference_switch_lite/hw/project/reference_switch_lite.srcs/sources_1/bd/control_sub/ip/control_sub_pcie3_7x_1_0/source/control_sub_pcie3_7x_1_0_pcie_bram_7vx_8k.v:68]
INFO: [Synth 8-638] synthesizing module 'RAMB18E1' [/opt/Xilinx/Vivado/2016.4/scripts/rt/data/unisim_comp.v:41477]
INFO: [Synth 8-256] done synthesizing module 'RAMB18E1' (7#1) [/opt/Xilinx/Vivado/2016.4/scripts/rt/data/unisim_comp.v:41477]
INFO: [Synth 8-256] done synthesizing module 'control_sub_pcie3_7x_1_0_pcie_bram_7vx_8k' (8#1) [/home/nadeen/SIGCOMM/PANAMA/Vivado/my_netfpga/projects/reference_switch_lite/hw/project/reference_switch_lite.srcs/sources_1/bd/control_sub/ip/control_sub_pcie3_7x_1_0/source/control_sub_pcie3_7x_1_0_pcie_bram_7vx_8k.v:68]
INFO: [Synth 8-256] done synthesizing module 'control_sub_pcie3_7x_1_0_pcie_bram_7vx_req' (9#1) [/home/nadeen/SIGCOMM/PANAMA/Vivado/my_netfpga/projects/reference_switch_lite/hw/project/reference_switch_lite.srcs/sources_1/bd/control_sub/ip/control_sub_pcie3_7x_1_0/source/control_sub_pcie3_7x_1_0_pcie_bram_7vx_req.v:67]
INFO: [Synth 8-638] synthesizing module 'control_sub_pcie3_7x_1_0_pcie_bram_7vx_cpl' [/home/nadeen/SIGCOMM/PANAMA/Vivado/my_netfpga/projects/reference_switch_lite/hw/project/reference_switch_lite.srcs/sources_1/bd/control_sub/ip/control_sub_pcie3_7x_1_0/source/control_sub_pcie3_7x_1_0_pcie_bram_7vx_cpl.v:68]
INFO: [Synth 8-638] synthesizing module 'control_sub_pcie3_7x_1_0_pcie_bram_7vx_16k' [/home/nadeen/SIGCOMM/PANAMA/Vivado/my_netfpga/projects/reference_switch_lite/hw/project/reference_switch_lite.srcs/sources_1/bd/control_sub/ip/control_sub_pcie3_7x_1_0/source/control_sub_pcie3_7x_1_0_pcie_bram_7vx_16k.v:69]
INFO: [Synth 8-638] synthesizing module 'RAMB36E1__parameterized2' [/opt/Xilinx/Vivado/2016.4/scripts/rt/data/unisim_comp.v:42143]
INFO: [Synth 8-256] done synthesizing module 'RAMB36E1__parameterized2' (9#1) [/opt/Xilinx/Vivado/2016.4/scripts/rt/data/unisim_comp.v:42143]
INFO: [Synth 8-638] synthesizing module 'RAMB36E1__parameterized3' [/opt/Xilinx/Vivado/2016.4/scripts/rt/data/unisim_comp.v:42143]
INFO: [Synth 8-256] done synthesizing module 'RAMB36E1__parameterized3' (9#1) [/opt/Xilinx/Vivado/2016.4/scripts/rt/data/unisim_comp.v:42143]
INFO: [Synth 8-638] synthesizing module 'RAMB36E1__parameterized4' [/opt/Xilinx/Vivado/2016.4/scripts/rt/data/unisim_comp.v:42143]
INFO: [Synth 8-256] done synthesizing module 'RAMB36E1__parameterized4' (9#1) [/opt/Xilinx/Vivado/2016.4/scripts/rt/data/unisim_comp.v:42143]
INFO: [Synth 8-638] synthesizing module 'RAMB36E1__parameterized5' [/opt/Xilinx/Vivado/2016.4/scripts/rt/data/unisim_comp.v:42143]
INFO: [Synth 8-256] done synthesizing module 'RAMB36E1__parameterized5' (9#1) [/opt/Xilinx/Vivado/2016.4/scripts/rt/data/unisim_comp.v:42143]
INFO: [Synth 8-256] done synthesizing module 'control_sub_pcie3_7x_1_0_pcie_bram_7vx_16k' (10#1) [/home/nadeen/SIGCOMM/PANAMA/Vivado/my_netfpga/projects/reference_switch_lite/hw/project/reference_switch_lite.srcs/sources_1/bd/control_sub/ip/control_sub_pcie3_7x_1_0/source/control_sub_pcie3_7x_1_0_pcie_bram_7vx_16k.v:69]
INFO: [Synth 8-256] done synthesizing module 'control_sub_pcie3_7x_1_0_pcie_bram_7vx_cpl' (11#1) [/home/nadeen/SIGCOMM/PANAMA/Vivado/my_netfpga/projects/reference_switch_lite/hw/project/reference_switch_lite.srcs/sources_1/bd/control_sub/ip/control_sub_pcie3_7x_1_0/source/control_sub_pcie3_7x_1_0_pcie_bram_7vx_cpl.v:68]
INFO: [Synth 8-256] done synthesizing module 'control_sub_pcie3_7x_1_0_pcie_bram_7vx' (12#1) [/home/nadeen/SIGCOMM/PANAMA/Vivado/my_netfpga/projects/reference_switch_lite/hw/project/reference_switch_lite.srcs/sources_1/bd/control_sub/ip/control_sub_pcie3_7x_1_0/source/control_sub_pcie3_7x_1_0_pcie_bram_7vx.v:73]
INFO: [Synth 8-256] done synthesizing module 'control_sub_pcie3_7x_1_0_pcie_7vx' (13#1) [/home/nadeen/SIGCOMM/PANAMA/Vivado/my_netfpga/projects/reference_switch_lite/hw/project/reference_switch_lite.srcs/sources_1/bd/control_sub/ip/control_sub_pcie3_7x_1_0/source/control_sub_pcie3_7x_1_0_pcie_7vx.v:76]
INFO: [Synth 8-638] synthesizing module 'control_sub_pcie3_7x_1_0_pcie_force_adapt' [/home/nadeen/SIGCOMM/PANAMA/Vivado/my_netfpga/projects/reference_switch_lite/hw/project/reference_switch_lite.srcs/sources_1/bd/control_sub/ip/control_sub_pcie3_7x_1_0/source/control_sub_pcie3_7x_1_0_pcie_force_adapt.v:83]
INFO: [Synth 8-256] done synthesizing module 'control_sub_pcie3_7x_1_0_pcie_force_adapt' (14#1) [/home/nadeen/SIGCOMM/PANAMA/Vivado/my_netfpga/projects/reference_switch_lite/hw/project/reference_switch_lite.srcs/sources_1/bd/control_sub/ip/control_sub_pcie3_7x_1_0/source/control_sub_pcie3_7x_1_0_pcie_force_adapt.v:83]
INFO: [Synth 8-638] synthesizing module 'control_sub_pcie3_7x_1_0_pcie_pipe_pipeline' [/home/nadeen/SIGCOMM/PANAMA/Vivado/my_netfpga/projects/reference_switch_lite/hw/project/reference_switch_lite.srcs/sources_1/bd/control_sub/ip/control_sub_pcie3_7x_1_0/source/control_sub_pcie3_7x_1_0_pcie_pipe_pipeline.v:67]
INFO: [Synth 8-638] synthesizing module 'control_sub_pcie3_7x_1_0_pcie_pipe_lane' [/home/nadeen/SIGCOMM/PANAMA/Vivado/my_netfpga/projects/reference_switch_lite/hw/project/reference_switch_lite.srcs/sources_1/bd/control_sub/ip/control_sub_pcie3_7x_1_0/source/control_sub_pcie3_7x_1_0_pcie_pipe_lane.v:65]
INFO: [Synth 8-256] done synthesizing module 'control_sub_pcie3_7x_1_0_pcie_pipe_lane' (15#1) [/home/nadeen/SIGCOMM/PANAMA/Vivado/my_netfpga/projects/reference_switch_lite/hw/project/reference_switch_lite.srcs/sources_1/bd/control_sub/ip/control_sub_pcie3_7x_1_0/source/control_sub_pcie3_7x_1_0_pcie_pipe_lane.v:65]
INFO: [Synth 8-638] synthesizing module 'control_sub_pcie3_7x_1_0_pcie_pipe_misc' [/home/nadeen/SIGCOMM/PANAMA/Vivado/my_netfpga/projects/reference_switch_lite/hw/project/reference_switch_lite.srcs/sources_1/bd/control_sub/ip/control_sub_pcie3_7x_1_0/source/control_sub_pcie3_7x_1_0_pcie_pipe_misc.v:65]
INFO: [Synth 8-256] done synthesizing module 'control_sub_pcie3_7x_1_0_pcie_pipe_misc' (16#1) [/home/nadeen/SIGCOMM/PANAMA/Vivado/my_netfpga/projects/reference_switch_lite/hw/project/reference_switch_lite.srcs/sources_1/bd/control_sub/ip/control_sub_pcie3_7x_1_0/source/control_sub_pcie3_7x_1_0_pcie_pipe_misc.v:65]
INFO: [Synth 8-256] done synthesizing module 'control_sub_pcie3_7x_1_0_pcie_pipe_pipeline' (17#1) [/home/nadeen/SIGCOMM/PANAMA/Vivado/my_netfpga/projects/reference_switch_lite/hw/project/reference_switch_lite.srcs/sources_1/bd/control_sub/ip/control_sub_pcie3_7x_1_0/source/control_sub_pcie3_7x_1_0_pcie_pipe_pipeline.v:67]
INFO: [Synth 8-256] done synthesizing module 'control_sub_pcie3_7x_1_0_pcie_top' (18#1) [/home/nadeen/SIGCOMM/PANAMA/Vivado/my_netfpga/projects/reference_switch_lite/hw/project/reference_switch_lite.srcs/sources_1/bd/control_sub/ip/control_sub_pcie3_7x_1_0/source/control_sub_pcie3_7x_1_0_pcie_top.v:82]
INFO: [Synth 8-638] synthesizing module 'control_sub_pcie3_7x_1_0_gt_top' [/home/nadeen/SIGCOMM/PANAMA/Vivado/my_netfpga/projects/reference_switch_lite/hw/project/reference_switch_lite.srcs/sources_1/bd/control_sub/ip/control_sub_pcie3_7x_1_0/source/control_sub_pcie3_7x_1_0_gt_top.v:85]
INFO: [Synth 8-638] synthesizing module 'control_sub_pcie3_7x_1_0_pipe_wrapper' [/home/nadeen/SIGCOMM/PANAMA/Vivado/my_netfpga/projects/reference_switch_lite/hw/project/reference_switch_lite.srcs/sources_1/bd/control_sub/ip/control_sub_pcie3_7x_1_0/source/control_sub_pcie3_7x_1_0_pipe_wrapper.v:158]
INFO: [Synth 8-638] synthesizing module 'control_sub_pcie3_7x_1_0_pipe_clock' [/home/nadeen/SIGCOMM/PANAMA/Vivado/my_netfpga/projects/reference_switch_lite/hw/project/reference_switch_lite.srcs/sources_1/bd/control_sub/ip/control_sub_pcie3_7x_1_0/source/control_sub_pcie3_7x_1_0_pipe_clock.v:66]
INFO: [Synth 8-638] synthesizing module 'BUFGCTRL' [/opt/Xilinx/Vivado/2016.4/scripts/rt/data/unisim_comp.v:661]
INFO: [Synth 8-256] done synthesizing module 'BUFGCTRL' (19#1) [/opt/Xilinx/Vivado/2016.4/scripts/rt/data/unisim_comp.v:661]
INFO: [Synth 8-638] synthesizing module 'BUFG' [/opt/Xilinx/Vivado/2016.4/scripts/rt/data/unisim_comp.v:607]
INFO: [Synth 8-256] done synthesizing module 'BUFG' (20#1) [/opt/Xilinx/Vivado/2016.4/scripts/rt/data/unisim_comp.v:607]
INFO: [Synth 8-638] synthesizing module 'MMCME2_ADV' [/opt/Xilinx/Vivado/2016.4/scripts/rt/data/unisim_comp.v:20414]
INFO: [Synth 8-256] done synthesizing module 'MMCME2_ADV' (21#1) [/opt/Xilinx/Vivado/2016.4/scripts/rt/data/unisim_comp.v:20414]
INFO: [Synth 8-256] done synthesizing module 'control_sub_pcie3_7x_1_0_pipe_clock' (22#1) [/home/nadeen/SIGCOMM/PANAMA/Vivado/my_netfpga/projects/reference_switch_lite/hw/project/reference_switch_lite.srcs/sources_1/bd/control_sub/ip/control_sub_pcie3_7x_1_0/source/control_sub_pcie3_7x_1_0_pipe_clock.v:66]
INFO: [Synth 8-638] synthesizing module 'control_sub_pcie3_7x_1_0_qpll_reset' [/home/nadeen/SIGCOMM/PANAMA/Vivado/my_netfpga/projects/reference_switch_lite/hw/project/reference_switch_lite.srcs/sources_1/bd/control_sub/ip/control_sub_pcie3_7x_1_0/source/control_sub_pcie3_7x_1_0_qpll_reset.v:66]
INFO: [Synth 8-256] done synthesizing module 'control_sub_pcie3_7x_1_0_qpll_reset' (23#1) [/home/nadeen/SIGCOMM/PANAMA/Vivado/my_netfpga/projects/reference_switch_lite/hw/project/reference_switch_lite.srcs/sources_1/bd/control_sub/ip/control_sub_pcie3_7x_1_0/source/control_sub_pcie3_7x_1_0_qpll_reset.v:66]
INFO: [Synth 8-638] synthesizing module 'control_sub_pcie3_7x_1_0_pipe_eq' [/home/nadeen/SIGCOMM/PANAMA/Vivado/my_netfpga/projects/reference_switch_lite/hw/project/reference_switch_lite.srcs/sources_1/bd/control_sub/ip/control_sub_pcie3_7x_1_0/source/control_sub_pcie3_7x_1_0_pipe_eq.v:67]
INFO: [Synth 8-638] synthesizing module 'control_sub_pcie3_7x_1_0_rxeq_scan' [/home/nadeen/SIGCOMM/PANAMA/Vivado/my_netfpga/projects/reference_switch_lite/hw/project/reference_switch_lite.srcs/sources_1/bd/control_sub/ip/control_sub_pcie3_7x_1_0/source/control_sub_pcie3_7x_1_0_rxeq_scan.v:66]
INFO: [Synth 8-256] done synthesizing module 'control_sub_pcie3_7x_1_0_rxeq_scan' (24#1) [/home/nadeen/SIGCOMM/PANAMA/Vivado/my_netfpga/projects/reference_switch_lite/hw/project/reference_switch_lite.srcs/sources_1/bd/control_sub/ip/control_sub_pcie3_7x_1_0/source/control_sub_pcie3_7x_1_0_rxeq_scan.v:66]
INFO: [Synth 8-256] done synthesizing module 'control_sub_pcie3_7x_1_0_pipe_eq' (25#1) [/home/nadeen/SIGCOMM/PANAMA/Vivado/my_netfpga/projects/reference_switch_lite/hw/project/reference_switch_lite.srcs/sources_1/bd/control_sub/ip/control_sub_pcie3_7x_1_0/source/control_sub_pcie3_7x_1_0_pipe_eq.v:67]
INFO: [Synth 8-638] synthesizing module 'control_sub_pcie3_7x_1_0_gt_common' [/home/nadeen/SIGCOMM/PANAMA/Vivado/my_netfpga/projects/reference_switch_lite/hw/project/reference_switch_lite.srcs/sources_1/bd/control_sub/ip/control_sub_pcie3_7x_1_0/source/control_sub_pcie3_7x_1_0_gt_common.v:57]
INFO: [Synth 8-638] synthesizing module 'control_sub_pcie3_7x_1_0_qpll_drp' [/home/nadeen/SIGCOMM/PANAMA/Vivado/my_netfpga/projects/reference_switch_lite/hw/project/reference_switch_lite.srcs/sources_1/bd/control_sub/ip/control_sub_pcie3_7x_1_0/source/control_sub_pcie3_7x_1_0_qpll_drp.v:64]
INFO: [Synth 8-256] done synthesizing module 'control_sub_pcie3_7x_1_0_qpll_drp' (26#1) [/home/nadeen/SIGCOMM/PANAMA/Vivado/my_netfpga/projects/reference_switch_lite/hw/project/reference_switch_lite.srcs/sources_1/bd/control_sub/ip/control_sub_pcie3_7x_1_0/source/control_sub_pcie3_7x_1_0_qpll_drp.v:64]
INFO: [Synth 8-638] synthesizing module 'control_sub_pcie3_7x_1_0_qpll_wrapper' [/home/nadeen/SIGCOMM/PANAMA/Vivado/my_netfpga/projects/reference_switch_lite/hw/project/reference_switch_lite.srcs/sources_1/bd/control_sub/ip/control_sub_pcie3_7x_1_0/source/control_sub_pcie3_7x_1_0_qpll_wrapper.v:60]
INFO: [Synth 8-638] synthesizing module 'GTHE2_COMMON' [/opt/Xilinx/Vivado/2016.4/scripts/rt/data/unisim_comp.v:5668]
INFO: [Synth 8-256] done synthesizing module 'GTHE2_COMMON' (27#1) [/opt/Xilinx/Vivado/2016.4/scripts/rt/data/unisim_comp.v:5668]
INFO: [Synth 8-256] done synthesizing module 'control_sub_pcie3_7x_1_0_qpll_wrapper' (28#1) [/home/nadeen/SIGCOMM/PANAMA/Vivado/my_netfpga/projects/reference_switch_lite/hw/project/reference_switch_lite.srcs/sources_1/bd/control_sub/ip/control_sub_pcie3_7x_1_0/source/control_sub_pcie3_7x_1_0_qpll_wrapper.v:60]
INFO: [Synth 8-256] done synthesizing module 'control_sub_pcie3_7x_1_0_gt_common' (29#1) [/home/nadeen/SIGCOMM/PANAMA/Vivado/my_netfpga/projects/reference_switch_lite/hw/project/reference_switch_lite.srcs/sources_1/bd/control_sub/ip/control_sub_pcie3_7x_1_0/source/control_sub_pcie3_7x_1_0_gt_common.v:57]
INFO: [Synth 8-638] synthesizing module 'control_sub_pcie3_7x_1_0_pipe_user' [/home/nadeen/SIGCOMM/PANAMA/Vivado/my_netfpga/projects/reference_switch_lite/hw/project/reference_switch_lite.srcs/sources_1/bd/control_sub/ip/control_sub_pcie3_7x_1_0/source/control_sub_pcie3_7x_1_0_pipe_user.v:67]
INFO: [Synth 8-256] done synthesizing module 'control_sub_pcie3_7x_1_0_pipe_user' (30#1) [/home/nadeen/SIGCOMM/PANAMA/Vivado/my_netfpga/projects/reference_switch_lite/hw/project/reference_switch_lite.srcs/sources_1/bd/control_sub/ip/control_sub_pcie3_7x_1_0/source/control_sub_pcie3_7x_1_0_pipe_user.v:67]
INFO: [Synth 8-638] synthesizing module 'control_sub_pcie3_7x_1_0_pipe_rate' [/home/nadeen/SIGCOMM/PANAMA/Vivado/my_netfpga/projects/reference_switch_lite/hw/project/reference_switch_lite.srcs/sources_1/bd/control_sub/ip/control_sub_pcie3_7x_1_0/source/control_sub_pcie3_7x_1_0_pipe_rate.v:67]
INFO: [Synth 8-256] done synthesizing module 'control_sub_pcie3_7x_1_0_pipe_rate' (31#1) [/home/nadeen/SIGCOMM/PANAMA/Vivado/my_netfpga/projects/reference_switch_lite/hw/project/reference_switch_lite.srcs/sources_1/bd/control_sub/ip/control_sub_pcie3_7x_1_0/source/control_sub_pcie3_7x_1_0_pipe_rate.v:67]
INFO: [Synth 8-638] synthesizing module 'control_sub_pcie3_7x_1_0_pipe_sync' [/home/nadeen/SIGCOMM/PANAMA/Vivado/my_netfpga/projects/reference_switch_lite/hw/project/reference_switch_lite.srcs/sources_1/bd/control_sub/ip/control_sub_pcie3_7x_1_0/source/control_sub_pcie3_7x_1_0_pipe_sync.v:72]
INFO: [Synth 8-256] done synthesizing module 'control_sub_pcie3_7x_1_0_pipe_sync' (32#1) [/home/nadeen/SIGCOMM/PANAMA/Vivado/my_netfpga/projects/reference_switch_lite/hw/project/reference_switch_lite.srcs/sources_1/bd/control_sub/ip/control_sub_pcie3_7x_1_0/source/control_sub_pcie3_7x_1_0_pipe_sync.v:72]
INFO: [Synth 8-638] synthesizing module 'control_sub_pcie3_7x_1_0_pipe_drp' [/home/nadeen/SIGCOMM/PANAMA/Vivado/my_netfpga/projects/reference_switch_lite/hw/project/reference_switch_lite.srcs/sources_1/bd/control_sub/ip/control_sub_pcie3_7x_1_0/source/control_sub_pcie3_7x_1_0_pipe_drp.v:67]
INFO: [Synth 8-256] done synthesizing module 'control_sub_pcie3_7x_1_0_pipe_drp' (33#1) [/home/nadeen/SIGCOMM/PANAMA/Vivado/my_netfpga/projects/reference_switch_lite/hw/project/reference_switch_lite.srcs/sources_1/bd/control_sub/ip/control_sub_pcie3_7x_1_0/source/control_sub_pcie3_7x_1_0_pipe_drp.v:67]
INFO: [Synth 8-638] synthesizing module 'control_sub_pcie3_7x_1_0_gt_wrapper' [/home/nadeen/SIGCOMM/PANAMA/Vivado/my_netfpga/projects/reference_switch_lite/hw/project/reference_switch_lite.srcs/sources_1/bd/control_sub/ip/control_sub_pcie3_7x_1_0/source/control_sub_pcie3_7x_1_0_gt_wrapper.v:68]
INFO: [Synth 8-638] synthesizing module 'GTHE2_CHANNEL' [/opt/Xilinx/Vivado/2016.4/scripts/rt/data/unisim_comp.v:4834]
INFO: [Synth 8-256] done synthesizing module 'GTHE2_CHANNEL' (34#1) [/opt/Xilinx/Vivado/2016.4/scripts/rt/data/unisim_comp.v:4834]
INFO: [Synth 8-638] synthesizing module 'control_sub_pcie3_7x_1_0_gtx_cpllpd_ovrd' [/home/nadeen/SIGCOMM/PANAMA/Vivado/my_netfpga/projects/reference_switch_lite/hw/project/reference_switch_lite.srcs/sources_1/bd/control_sub/ip/control_sub_pcie3_7x_1_0/source/control_sub_pcie3_7x_1_0_gtx_cpllpd_ovrd.v:55]
INFO: [Synth 8-256] done synthesizing module 'control_sub_pcie3_7x_1_0_gtx_cpllpd_ovrd' (35#1) [/home/nadeen/SIGCOMM/PANAMA/Vivado/my_netfpga/projects/reference_switch_lite/hw/project/reference_switch_lite.srcs/sources_1/bd/control_sub/ip/control_sub_pcie3_7x_1_0/source/control_sub_pcie3_7x_1_0_gtx_cpllpd_ovrd.v:55]
INFO: [Synth 8-256] done synthesizing module 'control_sub_pcie3_7x_1_0_gt_wrapper' (36#1) [/home/nadeen/SIGCOMM/PANAMA/Vivado/my_netfpga/projects/reference_switch_lite/hw/project/reference_switch_lite.srcs/sources_1/bd/control_sub/ip/control_sub_pcie3_7x_1_0/source/control_sub_pcie3_7x_1_0_gt_wrapper.v:68]
INFO: [Synth 8-638] synthesizing module 'control_sub_pcie3_7x_1_0_pipe_reset' [/home/nadeen/SIGCOMM/PANAMA/Vivado/my_netfpga/projects/reference_switch_lite/hw/project/reference_switch_lite.srcs/sources_1/bd/control_sub/ip/control_sub_pcie3_7x_1_0/source/control_sub_pcie3_7x_1_0_pipe_reset.v:67]
INFO: [Synth 8-256] done synthesizing module 'control_sub_pcie3_7x_1_0_pipe_reset' (37#1) [/home/nadeen/SIGCOMM/PANAMA/Vivado/my_netfpga/projects/reference_switch_lite/hw/project/reference_switch_lite.srcs/sources_1/bd/control_sub/ip/control_sub_pcie3_7x_1_0/source/control_sub_pcie3_7x_1_0_pipe_reset.v:67]
INFO: [Synth 8-256] done synthesizing module 'control_sub_pcie3_7x_1_0_pipe_wrapper' (38#1) [/home/nadeen/SIGCOMM/PANAMA/Vivado/my_netfpga/projects/reference_switch_lite/hw/project/reference_switch_lite.srcs/sources_1/bd/control_sub/ip/control_sub_pcie3_7x_1_0/source/control_sub_pcie3_7x_1_0_pipe_wrapper.v:158]
INFO: [Synth 8-256] done synthesizing module 'control_sub_pcie3_7x_1_0_gt_top' (39#1) [/home/nadeen/SIGCOMM/PANAMA/Vivado/my_netfpga/projects/reference_switch_lite/hw/project/reference_switch_lite.srcs/sources_1/bd/control_sub/ip/control_sub_pcie3_7x_1_0/source/control_sub_pcie3_7x_1_0_gt_top.v:85]
INFO: [Synth 8-256] done synthesizing module 'control_sub_pcie3_7x_1_0_pcie_3_0_7vx' (40#1) [/home/nadeen/SIGCOMM/PANAMA/Vivado/my_netfpga/projects/reference_switch_lite/hw/project/reference_switch_lite.srcs/sources_1/bd/control_sub/ip/control_sub_pcie3_7x_1_0/source/control_sub_pcie3_7x_1_0_pcie_3_0_7vx.v:116]
INFO: [Synth 8-256] done synthesizing module 'control_sub_pcie3_7x_1_0' (41#1) [/home/nadeen/SIGCOMM/PANAMA/Vivado/my_netfpga/projects/reference_switch_lite/hw/project/reference_switch_lite.srcs/sources_1/bd/control_sub/ip/control_sub_pcie3_7x_1_0/synth/control_sub_pcie3_7x_1_0.v:76]
Finished RTL Elaboration : Time (s): cpu = 00:00:06 ; elapsed = 00:00:06 . Memory (MB): peak = 1243.875 ; gain = 313.402 ; free physical = 58035 ; free virtual = 126761
Finished RTL Optimization Phase 1 : Time (s): cpu = 00:00:06 ; elapsed = 00:00:07 . Memory (MB): peak = 1243.875 ; gain = 313.402 ; free physical = 58035 ; free virtual = 126761
INFO: [Device 21-403] Loading part xc7vx690tffg1761-3
Constraint Validation Runtime : Time (s): cpu = 00:00:00.15 ; elapsed = 00:00:00.08 . Memory (MB): peak = 1757.297 ; gain = 0.000 ; free physical = 57679 ; free virtual = 126405
Finished Constraint Validation : Time (s): cpu = 00:00:22 ; elapsed = 00:00:22 . Memory (MB): peak = 1757.297 ; gain = 826.824 ; free physical = 57678 ; free virtual = 126404
Finished Loading Part and Timing Information : Time (s): cpu = 00:00:22 ; elapsed = 00:00:22 . Memory (MB): peak = 1757.297 ; gain = 826.824 ; free physical = 57678 ; free virtual = 126404
Finished applying 'set_property' XDC Constraints : Time (s): cpu = 00:00:22 ; elapsed = 00:00:22 . Memory (MB): peak = 1757.297 ; gain = 826.824 ; free physical = 57678 ; free virtual = 126404
Finished RTL Optimization Phase 2 : Time (s): cpu = 00:00:24 ; elapsed = 00:00:24 . Memory (MB): peak = 1757.297 ; gain = 826.824 ; free physical = 57671 ; free virtual = 126397
Finished Cross Boundary and Area Optimization : Time (s): cpu = 00:00:31 ; elapsed = 00:00:31 . Memory (MB): peak = 1757.297 ; gain = 826.824 ; free physical = 57672 ; free virtual = 126398
Finished Applying XDC Timing Constraints : Time (s): cpu = 00:00:35 ; elapsed = 00:00:36 . Memory (MB): peak = 2102.281 ; gain = 1171.809 ; free physical = 57209 ; free virtual = 125935
Finished Timing Optimization : Time (s): cpu = 00:00:37 ; elapsed = 00:00:37 . Memory (MB): peak = 2142.305 ; gain = 1211.832 ; free physical = 57170 ; free virtual = 125896
Finished Technology Mapping : Time (s): cpu = 00:00:42 ; elapsed = 00:00:43 . Memory (MB): peak = 2193.492 ; gain = 1263.020 ; free physical = 57119 ; free virtual = 125845
Finished IO Insertion : Time (s): cpu = 00:00:44 ; elapsed = 00:00:45 . Memory (MB): peak = 2193.492 ; gain = 1263.020 ; free physical = 57119 ; free virtual = 125845
Finished Renaming Generated Instances : Time (s): cpu = 00:00:44 ; elapsed = 00:00:45 . Memory (MB): peak = 2193.492 ; gain = 1263.020 ; free physical = 57119 ; free virtual = 125845
Finished Rebuilding User Hierarchy : Time (s): cpu = 00:00:45 ; elapsed = 00:00:46 . Memory (MB): peak = 2193.492 ; gain = 1263.020 ; free physical = 57119 ; free virtual = 125845
Finished Renaming Generated Ports : Time (s): cpu = 00:00:45 ; elapsed = 00:00:46 . Memory (MB): peak = 2193.492 ; gain = 1263.020 ; free physical = 57119 ; free virtual = 125845
Finished Handling Custom Attributes : Time (s): cpu = 00:00:46 ; elapsed = 00:00:46 . Memory (MB): peak = 2193.492 ; gain = 1263.020 ; free physical = 57119 ; free virtual = 125845
Finished Renaming Generated Nets : Time (s): cpu = 00:00:46 ; elapsed = 00:00:46 . Memory (MB): peak = 2193.492 ; gain = 1263.020 ; free physical = 57119 ; free virtual = 125845

Report Cell Usage: 
+------+--------------+------+
|      |Cell          |Count |
+------+--------------+------+
|1     |BUFG          |     3|
|2     |BUFGCTRL      |     1|
|3     |CARRY4        |    96|
|4     |GTHE2_CHANNEL |     8|
|5     |GTHE2_COMMON  |     2|
|6     |LUT1          |   376|
|7     |LUT2          |   576|
|8     |LUT3          |   922|
|9     |LUT4          |   400|
|10    |LUT5          |  1272|
|11    |LUT6          |  1145|
|12    |MMCME2_ADV    |     1|
|13    |MUXF7         |   120|
|14    |MUXF8         |     8|
|15    |PCIE_3_0      |     1|
|16    |RAMB18E1      |     4|
|17    |RAMB36E1      |     1|
|18    |RAMB36E1_1    |     2|
|19    |RAMB36E1_2    |     4|
|20    |SRL16E        |     6|
|21    |SRLC32E       |    56|
|22    |FDCE          |    15|
|23    |FDPE          |    11|
|24    |FDRE          |  4830|
|25    |FDSE          |   141|
+------+--------------+------+
Finished Writing Synthesis Report : Time (s): cpu = 00:00:46 ; elapsed = 00:00:46 . Memory (MB): peak = 2193.492 ; gain = 1263.020 ; free physical = 57119 ; free virtual = 125845
synth_design: Time (s): cpu = 00:00:53 ; elapsed = 00:00:52 . Memory (MB): peak = 2868.477 ; gain = 1843.500 ; free physical = 56619 ; free virtual = 125346
