#-----------------------------------------------------------
# Vivado v2016.4 (64-bit)
# SW Build 1756540 on Mon Jan 23 19:11:19 MST 2017
# IP Build 1755317 on Mon Jan 23 20:30:07 MST 2017
# Start of session at: Thu Nov 15 15:53:08 2018
# Process ID: 5021
# Current directory: /home/nadeen/SIGCOMM/PANAMA/Vivado/my_netfpga/projects/reference_switch_lite/hw
# Command line: vivado -mode batch -source /home/nadeen/SIGCOMM/PANAMA/Vivado/my_netfpga/projects/reference_switch_lite/hw/tcl/export_registers.tcl
# Log file: /home/nadeen/SIGCOMM/PANAMA/Vivado/my_netfpga/projects/reference_switch_lite/hw/vivado.log
# Journal file: /home/nadeen/SIGCOMM/PANAMA/Vivado/my_netfpga/projects/reference_switch_lite/hw/vivado.jou
#-----------------------------------------------------------
source /home/nadeen/SIGCOMM/PANAMA/Vivado/my_netfpga/projects/reference_switch_lite/hw/tcl/export_registers.tcl
# set DEF_LIST {
# 	{MICROBLAZE_AXI_IIC 0 0 ""} \
# 	{MICROBLAZE_UARTLITE 0 0 ""} \
# 	{MICROBLAZE_DLMB_BRAM 0 0 ""} \
# 	{MICROBLAZE_ILMB_BRAM 0 0 ""} \
# 	{MICROBLAZE_AXI_INTC 0 0 ""} \
# 	{PARSER 0 1 pswitch_parser_v1_0_0/data/parser_regs_defines.txt} \
# 	{NF_10G_INTERFACE0 0 1 nf_10ge_interface_shared_v1_0_0/data/nf_10g_interface_shared_regs_defines.txt} \
# 	{NF_10G_INTERFACE1 1 1 nf_10ge_interface_v1_0_0/data/nf_10g_interface_regs_defines.txt} \
#         {NF_10G_INTERFACE2 2 1 nf_10ge_interface_v1_0_0/data/nf_10g_interface_regs_defines.txt} \
#         {NF_10G_INTERFACE3 3 1 nf_10ge_interface_v1_0_0/data/nf_10g_interface_regs_defines.txt} \
# 	{NF_RIFFA_DMA 0 1 nf_riffa_dma_v1_0_0/data/nf_riffa_dma_regs_defines.txt} \
# 
# }
# set target_path $::env(NF_DESIGN_DIR)/sw/embedded/src/
# set target_file $target_path/sume_register_defines.h
# proc write_header { target_file } {
# 
# # creat a blank header file
# # do a fresh rewrite in case the file already exits
# file delete -force $target_file
# open $target_file "w"
# set h_file [open $target_file "w"]
# 
# 
# puts $h_file "//-"
# puts $h_file "// Copyright (c) 2015 University of Cambridge"
# puts $h_file "// All rights reserved."
# puts $h_file "//"
# puts $h_file "// This software was developed by Stanford University and the University of Cambridge Computer Laboratory "
# puts $h_file "// under National Science Foundation under Grant No. CNS-0855268,"
# puts $h_file "// the University of Cambridge Computer Laboratory under EPSRC INTERNET Project EP/H040536/1 and"
# puts $h_file "// by the University of Cambridge Computer Laboratory under DARPA/AFRL contract FA8750-11-C-0249 (\"MRC2\"), "
# puts $h_file "// as part of the DARPA MRC research programme."
# puts $h_file "//"
# puts $h_file "// @NETFPGA_LICENSE_HEADER_START@"
# puts $h_file "//"
# puts $h_file "// Licensed to NetFPGA C.I.C. (NetFPGA) under one or more contributor"
# puts $h_file "// license agreements.  See the NOTICE file distributed with this work for"
# puts $h_file "// additional information regarding copyright ownership.  NetFPGA licenses this"
# puts $h_file "// file to you under the NetFPGA Hardware-Software License, Version 1.0 (the"
# puts $h_file "// \"License\"); you may not use this file except in compliance with the"
# puts $h_file "// License.  You may obtain a copy of the License at:"
# puts $h_file "//"
# puts $h_file "//   http://www.netfpga-cic.org"
# puts $h_file "//"
# puts $h_file "// Unless required by applicable law or agreed to in writing, Work distributed"
# puts $h_file "// under the License is distributed on an \"AS IS\" BASIS, WITHOUT WARRANTIES OR"
# puts $h_file "// CONDITIONS OF ANY KIND, either express or implied.  See the License for the"
# puts $h_file "// specific language governing permissions and limitations under the License."
# puts $h_file "//"
# puts $h_file "// @NETFPGA_LICENSE_HEADER_END@"
# puts $h_file "/////////////////////////////////////////////////////////////////////////////////"
# puts $h_file "// This is an automatically generated header definitions file"
# puts $h_file "/////////////////////////////////////////////////////////////////////////////////"
# puts $h_file ""
# 
# close $h_file 
# 
# };
# proc write_core {target_file prefix id has_registers lib_name} {
# 
# 
# set h_file [open $target_file "a"]
# 
# #First, read the memory map information from the reference_project defines file
# source $::env(NF_DESIGN_DIR)/hw/tcl/$::env(NF_PROJECT_NAME)_defines.tcl
# set public_repo_dir $::env(SUME_FOLDER)/lib/my_hw
# 
# #reads baseaddress for each prefix being first entry in def list
# set baseaddr [set $prefix\_BASEADDR]
# set highaddr [set $prefix\_HIGHADDR]
# set sizeaddr [set $prefix\_SIZEADDR]
# 
# puts $h_file "//######################################################"
# puts $h_file "//# Definitions for $prefix"
# puts $h_file "//######################################################"
# 
# puts $h_file "#define SUME_$prefix\_BASEADDR $baseaddr"
# puts $h_file "#define SUME_$prefix\_HIGHADDR $highaddr"
# puts $h_file "#define SUME_$prefix\_SIZEADDR $sizeaddr"
# puts $h_file ""
# 
# #Second, read the registers information from the library defines file
# if $has_registers {
# 	set lib_path "$public_repo_dir/std/cores/$lib_name"
# 	set regs_h_define_file $lib_path
# 	set regs_h_define_file_read [open $regs_h_define_file r]
# 	set regs_h_define_file_data [read $regs_h_define_file_read]
# 	close $regs_h_define_file_read
# 	set regs_h_define_file_data_line [split $regs_h_define_file_data "\n"]
# 
#        foreach read_line $regs_h_define_file_data_line {
#             if {[regexp "#define" $read_line]} {
#                 puts $h_file "#define SUME_[lindex $read_line 2]\_$id\_[lindex $read_line 3]\_[lindex $read_line 4] [lindex $read_line 5]"
#             }
# 	}
# }
# puts $h_file ""
# close $h_file 
# };
# write_header  $target_file 
# foreach lib_item $DEF_LIST { 
#      write_core  $target_file [lindex $lib_item 0] [lindex $lib_item 1] [lindex $lib_item 2] [lindex $lib_item 3] 
# }
## set MICROBLAZE_AXI_IIC_BASEADDR 0x40800000
## set MICROBLAZE_AXI_IIC_HIGHADDR 0x4080FFFF
## set MICROBLAZE_AXI_IIC_SIZEADDR 0x10000
## set MICROBLAZE_UARTLITE_BASEADDR 0x40600000
## set MICROBLAZE_UARTLITE_HIGHADDR 0x4060FFFF
## set MICROBLAZE_UARTLITE_SIZEADDR 0x10000
## set MICROBLAZE_DLMB_BRAM_BASEADDR 0x00000000
## set MICROBLAZE_DLMB_BRAM_HIGHADDR 0x0000FFFF
## set MICROBLAZE_DLMB_BRAM_SIZEADDR 0x10000
## set MICROBLAZE_ILMB_BRAM_BASEADDR 0x00000000
## set MICROBLAZE_ILMB_BRAM_HIGHADDR 0x0000FFFF
## set MICROBLAZE_ILMB_BRAM_SIZEADDR 0x10000
## set MICROBLAZE_AXI_INTC_BASEADDR 0x41200000
## set MICROBLAZE_AXI_INTC_HIGHADDR 0x4120FFFF
## set MICROBLAZE_AXI_INTC_SIZEADDR 0x10000
## set M00_BASEADDR 0x44000000
## set M00_HIGHADDR 0x44000FFF
## set M00_SIZEADDR 0x1000
## set M01_BASEADDR 0x44010000
## set M01_HIGHADDR 0x44010FFF
## set M01_SIZEADDR 0x1000
## set M02_BASEADDR 0x44020000
## set M02_HIGHADDR 0x44020FFF
## set M02_SIZEADDR 0x1000
## set M03_BASEADDR 0x44030000
## set M03_HIGHADDR 0x44030FFF
## set M03_SIZEADDR 0x1000
## set M04_BASEADDR 0x44040000
## set M04_HIGHADDR 0x44040FFF
## set M04_SIZEADDR 0x1000
## set M05_BASEADDR 0x44050000
## set M05_HIGHADDR 0x44050FFF
## set M05_SIZEADDR 0x1000
## set M08_BASEADDR 0x44060000
## set M08_HIGHADDR 0x44060FFF
## set M08_SIZEADDR 0x1000
## set IDENTIFIER_BASEADDR $M00_BASEADDR
## set IDENTIFIER_HIGHADDR $M00_HIGHADDR
## set IDENTIFIER_SIZEADDR $M00_SIZEADDR
## set PARSER_BASEADDR $M01_BASEADDR
## set PARSER_HIGHADDR $M01_HIGHADDR
## set PARSER_SIZEADDR $M01_SIZEADDR
## set NF_10G_INTERFACE0_BASEADDR $M02_BASEADDR
## set NF_10G_INTERFACE0_HIGHADDR $M02_HIGHADDR
## set NF_10G_INTERFACE0_SIZEADDR $M02_SIZEADDR
## set NF_10G_INTERFACE1_BASEADDR $M03_BASEADDR
## set NF_10G_INTERFACE1_HIGHADDR $M03_HIGHADDR
## set NF_10G_INTERFACE1_SIZEADDR $M03_SIZEADDR
## set NF_10G_INTERFACE2_BASEADDR $M04_BASEADDR
## set NF_10G_INTERFACE2_HIGHADDR $M04_HIGHADDR
## set NF_10G_INTERFACE2_SIZEADDR $M04_SIZEADDR
## set NF_10G_INTERFACE3_BASEADDR $M05_BASEADDR
## set NF_10G_INTERFACE3_HIGHADDR $M05_HIGHADDR
## set NF_10G_INTERFACE3_SIZEADDR $M05_SIZEADDR
## set NF_RIFFA_DMA_BASEADDR $M08_BASEADDR
## set NF_RIFFA_DMA_HIGHADDR $M08_HIGHADDR
## set NF_RIFFA_DMA_SIZEADDR $M08_SIZEADDR
## set MICROBLAZE_AXI_IIC_BASEADDR 0x40800000
## set MICROBLAZE_AXI_IIC_HIGHADDR 0x4080FFFF
## set MICROBLAZE_AXI_IIC_SIZEADDR 0x10000
## set MICROBLAZE_UARTLITE_BASEADDR 0x40600000
## set MICROBLAZE_UARTLITE_HIGHADDR 0x4060FFFF
## set MICROBLAZE_UARTLITE_SIZEADDR 0x10000
## set MICROBLAZE_DLMB_BRAM_BASEADDR 0x00000000
## set MICROBLAZE_DLMB_BRAM_HIGHADDR 0x0000FFFF
## set MICROBLAZE_DLMB_BRAM_SIZEADDR 0x10000
## set MICROBLAZE_ILMB_BRAM_BASEADDR 0x00000000
## set MICROBLAZE_ILMB_BRAM_HIGHADDR 0x0000FFFF
## set MICROBLAZE_ILMB_BRAM_SIZEADDR 0x10000
## set MICROBLAZE_AXI_INTC_BASEADDR 0x41200000
## set MICROBLAZE_AXI_INTC_HIGHADDR 0x4120FFFF
## set MICROBLAZE_AXI_INTC_SIZEADDR 0x10000
## set M00_BASEADDR 0x44000000
## set M00_HIGHADDR 0x44000FFF
## set M00_SIZEADDR 0x1000
## set M01_BASEADDR 0x44010000
## set M01_HIGHADDR 0x44010FFF
## set M01_SIZEADDR 0x1000
## set M02_BASEADDR 0x44020000
## set M02_HIGHADDR 0x44020FFF
## set M02_SIZEADDR 0x1000
## set M03_BASEADDR 0x44030000
## set M03_HIGHADDR 0x44030FFF
## set M03_SIZEADDR 0x1000
## set M04_BASEADDR 0x44040000
## set M04_HIGHADDR 0x44040FFF
## set M04_SIZEADDR 0x1000
## set M05_BASEADDR 0x44050000
## set M05_HIGHADDR 0x44050FFF
## set M05_SIZEADDR 0x1000
## set M08_BASEADDR 0x44060000
## set M08_HIGHADDR 0x44060FFF
## set M08_SIZEADDR 0x1000
## set IDENTIFIER_BASEADDR $M00_BASEADDR
## set IDENTIFIER_HIGHADDR $M00_HIGHADDR
## set IDENTIFIER_SIZEADDR $M00_SIZEADDR
## set PARSER_BASEADDR $M01_BASEADDR
## set PARSER_HIGHADDR $M01_HIGHADDR
## set PARSER_SIZEADDR $M01_SIZEADDR
## set NF_10G_INTERFACE0_BASEADDR $M02_BASEADDR
## set NF_10G_INTERFACE0_HIGHADDR $M02_HIGHADDR
## set NF_10G_INTERFACE0_SIZEADDR $M02_SIZEADDR
## set NF_10G_INTERFACE1_BASEADDR $M03_BASEADDR
## set NF_10G_INTERFACE1_HIGHADDR $M03_HIGHADDR
## set NF_10G_INTERFACE1_SIZEADDR $M03_SIZEADDR
## set NF_10G_INTERFACE2_BASEADDR $M04_BASEADDR
## set NF_10G_INTERFACE2_HIGHADDR $M04_HIGHADDR
## set NF_10G_INTERFACE2_SIZEADDR $M04_SIZEADDR
## set NF_10G_INTERFACE3_BASEADDR $M05_BASEADDR
## set NF_10G_INTERFACE3_HIGHADDR $M05_HIGHADDR
## set NF_10G_INTERFACE3_SIZEADDR $M05_SIZEADDR
## set NF_RIFFA_DMA_BASEADDR $M08_BASEADDR
## set NF_RIFFA_DMA_HIGHADDR $M08_HIGHADDR
## set NF_RIFFA_DMA_SIZEADDR $M08_SIZEADDR
## set MICROBLAZE_AXI_IIC_BASEADDR 0x40800000
## set MICROBLAZE_AXI_IIC_HIGHADDR 0x4080FFFF
## set MICROBLAZE_AXI_IIC_SIZEADDR 0x10000
## set MICROBLAZE_UARTLITE_BASEADDR 0x40600000
## set MICROBLAZE_UARTLITE_HIGHADDR 0x4060FFFF
## set MICROBLAZE_UARTLITE_SIZEADDR 0x10000
## set MICROBLAZE_DLMB_BRAM_BASEADDR 0x00000000
## set MICROBLAZE_DLMB_BRAM_HIGHADDR 0x0000FFFF
## set MICROBLAZE_DLMB_BRAM_SIZEADDR 0x10000
## set MICROBLAZE_ILMB_BRAM_BASEADDR 0x00000000
## set MICROBLAZE_ILMB_BRAM_HIGHADDR 0x0000FFFF
## set MICROBLAZE_ILMB_BRAM_SIZEADDR 0x10000
## set MICROBLAZE_AXI_INTC_BASEADDR 0x41200000
## set MICROBLAZE_AXI_INTC_HIGHADDR 0x4120FFFF
## set MICROBLAZE_AXI_INTC_SIZEADDR 0x10000
## set M00_BASEADDR 0x44000000
## set M00_HIGHADDR 0x44000FFF
## set M00_SIZEADDR 0x1000
## set M01_BASEADDR 0x44010000
## set M01_HIGHADDR 0x44010FFF
## set M01_SIZEADDR 0x1000
## set M02_BASEADDR 0x44020000
## set M02_HIGHADDR 0x44020FFF
## set M02_SIZEADDR 0x1000
## set M03_BASEADDR 0x44030000
## set M03_HIGHADDR 0x44030FFF
## set M03_SIZEADDR 0x1000
## set M04_BASEADDR 0x44040000
## set M04_HIGHADDR 0x44040FFF
## set M04_SIZEADDR 0x1000
## set M05_BASEADDR 0x44050000
## set M05_HIGHADDR 0x44050FFF
## set M05_SIZEADDR 0x1000
## set M08_BASEADDR 0x44060000
## set M08_HIGHADDR 0x44060FFF
## set M08_SIZEADDR 0x1000
## set IDENTIFIER_BASEADDR $M00_BASEADDR
## set IDENTIFIER_HIGHADDR $M00_HIGHADDR
## set IDENTIFIER_SIZEADDR $M00_SIZEADDR
## set PARSER_BASEADDR $M01_BASEADDR
## set PARSER_HIGHADDR $M01_HIGHADDR
## set PARSER_SIZEADDR $M01_SIZEADDR
## set NF_10G_INTERFACE0_BASEADDR $M02_BASEADDR
## set NF_10G_INTERFACE0_HIGHADDR $M02_HIGHADDR
## set NF_10G_INTERFACE0_SIZEADDR $M02_SIZEADDR
## set NF_10G_INTERFACE1_BASEADDR $M03_BASEADDR
## set NF_10G_INTERFACE1_HIGHADDR $M03_HIGHADDR
## set NF_10G_INTERFACE1_SIZEADDR $M03_SIZEADDR
## set NF_10G_INTERFACE2_BASEADDR $M04_BASEADDR
## set NF_10G_INTERFACE2_HIGHADDR $M04_HIGHADDR
## set NF_10G_INTERFACE2_SIZEADDR $M04_SIZEADDR
## set NF_10G_INTERFACE3_BASEADDR $M05_BASEADDR
## set NF_10G_INTERFACE3_HIGHADDR $M05_HIGHADDR
## set NF_10G_INTERFACE3_SIZEADDR $M05_SIZEADDR
## set NF_RIFFA_DMA_BASEADDR $M08_BASEADDR
## set NF_RIFFA_DMA_HIGHADDR $M08_HIGHADDR
## set NF_RIFFA_DMA_SIZEADDR $M08_SIZEADDR
## set MICROBLAZE_AXI_IIC_BASEADDR 0x40800000
## set MICROBLAZE_AXI_IIC_HIGHADDR 0x4080FFFF
## set MICROBLAZE_AXI_IIC_SIZEADDR 0x10000
## set MICROBLAZE_UARTLITE_BASEADDR 0x40600000
## set MICROBLAZE_UARTLITE_HIGHADDR 0x4060FFFF
## set MICROBLAZE_UARTLITE_SIZEADDR 0x10000
## set MICROBLAZE_DLMB_BRAM_BASEADDR 0x00000000
## set MICROBLAZE_DLMB_BRAM_HIGHADDR 0x0000FFFF
## set MICROBLAZE_DLMB_BRAM_SIZEADDR 0x10000
## set MICROBLAZE_ILMB_BRAM_BASEADDR 0x00000000
## set MICROBLAZE_ILMB_BRAM_HIGHADDR 0x0000FFFF
## set MICROBLAZE_ILMB_BRAM_SIZEADDR 0x10000
## set MICROBLAZE_AXI_INTC_BASEADDR 0x41200000
## set MICROBLAZE_AXI_INTC_HIGHADDR 0x4120FFFF
## set MICROBLAZE_AXI_INTC_SIZEADDR 0x10000
## set M00_BASEADDR 0x44000000
## set M00_HIGHADDR 0x44000FFF
## set M00_SIZEADDR 0x1000
## set M01_BASEADDR 0x44010000
## set M01_HIGHADDR 0x44010FFF
## set M01_SIZEADDR 0x1000
## set M02_BASEADDR 0x44020000
## set M02_HIGHADDR 0x44020FFF
## set M02_SIZEADDR 0x1000
## set M03_BASEADDR 0x44030000
## set M03_HIGHADDR 0x44030FFF
## set M03_SIZEADDR 0x1000
## set M04_BASEADDR 0x44040000
## set M04_HIGHADDR 0x44040FFF
## set M04_SIZEADDR 0x1000
## set M05_BASEADDR 0x44050000
## set M05_HIGHADDR 0x44050FFF
## set M05_SIZEADDR 0x1000
## set M08_BASEADDR 0x44060000
## set M08_HIGHADDR 0x44060FFF
## set M08_SIZEADDR 0x1000
## set IDENTIFIER_BASEADDR $M00_BASEADDR
## set IDENTIFIER_HIGHADDR $M00_HIGHADDR
## set IDENTIFIER_SIZEADDR $M00_SIZEADDR
## set PARSER_BASEADDR $M01_BASEADDR
## set PARSER_HIGHADDR $M01_HIGHADDR
## set PARSER_SIZEADDR $M01_SIZEADDR
## set NF_10G_INTERFACE0_BASEADDR $M02_BASEADDR
## set NF_10G_INTERFACE0_HIGHADDR $M02_HIGHADDR
## set NF_10G_INTERFACE0_SIZEADDR $M02_SIZEADDR
## set NF_10G_INTERFACE1_BASEADDR $M03_BASEADDR
## set NF_10G_INTERFACE1_HIGHADDR $M03_HIGHADDR
## set NF_10G_INTERFACE1_SIZEADDR $M03_SIZEADDR
## set NF_10G_INTERFACE2_BASEADDR $M04_BASEADDR
## set NF_10G_INTERFACE2_HIGHADDR $M04_HIGHADDR
## set NF_10G_INTERFACE2_SIZEADDR $M04_SIZEADDR
## set NF_10G_INTERFACE3_BASEADDR $M05_BASEADDR
## set NF_10G_INTERFACE3_HIGHADDR $M05_HIGHADDR
## set NF_10G_INTERFACE3_SIZEADDR $M05_SIZEADDR
## set NF_RIFFA_DMA_BASEADDR $M08_BASEADDR
## set NF_RIFFA_DMA_HIGHADDR $M08_HIGHADDR
## set NF_RIFFA_DMA_SIZEADDR $M08_SIZEADDR
## set MICROBLAZE_AXI_IIC_BASEADDR 0x40800000
## set MICROBLAZE_AXI_IIC_HIGHADDR 0x4080FFFF
## set MICROBLAZE_AXI_IIC_SIZEADDR 0x10000
## set MICROBLAZE_UARTLITE_BASEADDR 0x40600000
## set MICROBLAZE_UARTLITE_HIGHADDR 0x4060FFFF
## set MICROBLAZE_UARTLITE_SIZEADDR 0x10000
## set MICROBLAZE_DLMB_BRAM_BASEADDR 0x00000000
## set MICROBLAZE_DLMB_BRAM_HIGHADDR 0x0000FFFF
## set MICROBLAZE_DLMB_BRAM_SIZEADDR 0x10000
## set MICROBLAZE_ILMB_BRAM_BASEADDR 0x00000000
## set MICROBLAZE_ILMB_BRAM_HIGHADDR 0x0000FFFF
## set MICROBLAZE_ILMB_BRAM_SIZEADDR 0x10000
## set MICROBLAZE_AXI_INTC_BASEADDR 0x41200000
## set MICROBLAZE_AXI_INTC_HIGHADDR 0x4120FFFF
## set MICROBLAZE_AXI_INTC_SIZEADDR 0x10000
## set M00_BASEADDR 0x44000000
## set M00_HIGHADDR 0x44000FFF
## set M00_SIZEADDR 0x1000
## set M01_BASEADDR 0x44010000
## set M01_HIGHADDR 0x44010FFF
## set M01_SIZEADDR 0x1000
## set M02_BASEADDR 0x44020000
## set M02_HIGHADDR 0x44020FFF
## set M02_SIZEADDR 0x1000
## set M03_BASEADDR 0x44030000
## set M03_HIGHADDR 0x44030FFF
## set M03_SIZEADDR 0x1000
## set M04_BASEADDR 0x44040000
## set M04_HIGHADDR 0x44040FFF
## set M04_SIZEADDR 0x1000
## set M05_BASEADDR 0x44050000
## set M05_HIGHADDR 0x44050FFF
## set M05_SIZEADDR 0x1000
## set M08_BASEADDR 0x44060000
## set M08_HIGHADDR 0x44060FFF
## set M08_SIZEADDR 0x1000
## set IDENTIFIER_BASEADDR $M00_BASEADDR
## set IDENTIFIER_HIGHADDR $M00_HIGHADDR
## set IDENTIFIER_SIZEADDR $M00_SIZEADDR
## set PARSER_BASEADDR $M01_BASEADDR
## set PARSER_HIGHADDR $M01_HIGHADDR
## set PARSER_SIZEADDR $M01_SIZEADDR
## set NF_10G_INTERFACE0_BASEADDR $M02_BASEADDR
## set NF_10G_INTERFACE0_HIGHADDR $M02_HIGHADDR
## set NF_10G_INTERFACE0_SIZEADDR $M02_SIZEADDR
## set NF_10G_INTERFACE1_BASEADDR $M03_BASEADDR
## set NF_10G_INTERFACE1_HIGHADDR $M03_HIGHADDR
## set NF_10G_INTERFACE1_SIZEADDR $M03_SIZEADDR
## set NF_10G_INTERFACE2_BASEADDR $M04_BASEADDR
## set NF_10G_INTERFACE2_HIGHADDR $M04_HIGHADDR
## set NF_10G_INTERFACE2_SIZEADDR $M04_SIZEADDR
## set NF_10G_INTERFACE3_BASEADDR $M05_BASEADDR
## set NF_10G_INTERFACE3_HIGHADDR $M05_HIGHADDR
## set NF_10G_INTERFACE3_SIZEADDR $M05_SIZEADDR
## set NF_RIFFA_DMA_BASEADDR $M08_BASEADDR
## set NF_RIFFA_DMA_HIGHADDR $M08_HIGHADDR
## set NF_RIFFA_DMA_SIZEADDR $M08_SIZEADDR
## set MICROBLAZE_AXI_IIC_BASEADDR 0x40800000
## set MICROBLAZE_AXI_IIC_HIGHADDR 0x4080FFFF
## set MICROBLAZE_AXI_IIC_SIZEADDR 0x10000
## set MICROBLAZE_UARTLITE_BASEADDR 0x40600000
## set MICROBLAZE_UARTLITE_HIGHADDR 0x4060FFFF
## set MICROBLAZE_UARTLITE_SIZEADDR 0x10000
## set MICROBLAZE_DLMB_BRAM_BASEADDR 0x00000000
## set MICROBLAZE_DLMB_BRAM_HIGHADDR 0x0000FFFF
## set MICROBLAZE_DLMB_BRAM_SIZEADDR 0x10000
## set MICROBLAZE_ILMB_BRAM_BASEADDR 0x00000000
## set MICROBLAZE_ILMB_BRAM_HIGHADDR 0x0000FFFF
## set MICROBLAZE_ILMB_BRAM_SIZEADDR 0x10000
## set MICROBLAZE_AXI_INTC_BASEADDR 0x41200000
## set MICROBLAZE_AXI_INTC_HIGHADDR 0x4120FFFF
## set MICROBLAZE_AXI_INTC_SIZEADDR 0x10000
## set M00_BASEADDR 0x44000000
## set M00_HIGHADDR 0x44000FFF
## set M00_SIZEADDR 0x1000
## set M01_BASEADDR 0x44010000
## set M01_HIGHADDR 0x44010FFF
## set M01_SIZEADDR 0x1000
## set M02_BASEADDR 0x44020000
## set M02_HIGHADDR 0x44020FFF
## set M02_SIZEADDR 0x1000
## set M03_BASEADDR 0x44030000
## set M03_HIGHADDR 0x44030FFF
## set M03_SIZEADDR 0x1000
## set M04_BASEADDR 0x44040000
## set M04_HIGHADDR 0x44040FFF
## set M04_SIZEADDR 0x1000
## set M05_BASEADDR 0x44050000
## set M05_HIGHADDR 0x44050FFF
## set M05_SIZEADDR 0x1000
## set M08_BASEADDR 0x44060000
## set M08_HIGHADDR 0x44060FFF
## set M08_SIZEADDR 0x1000
## set IDENTIFIER_BASEADDR $M00_BASEADDR
## set IDENTIFIER_HIGHADDR $M00_HIGHADDR
## set IDENTIFIER_SIZEADDR $M00_SIZEADDR
## set PARSER_BASEADDR $M01_BASEADDR
## set PARSER_HIGHADDR $M01_HIGHADDR
## set PARSER_SIZEADDR $M01_SIZEADDR
## set NF_10G_INTERFACE0_BASEADDR $M02_BASEADDR
## set NF_10G_INTERFACE0_HIGHADDR $M02_HIGHADDR
## set NF_10G_INTERFACE0_SIZEADDR $M02_SIZEADDR
## set NF_10G_INTERFACE1_BASEADDR $M03_BASEADDR
## set NF_10G_INTERFACE1_HIGHADDR $M03_HIGHADDR
## set NF_10G_INTERFACE1_SIZEADDR $M03_SIZEADDR
## set NF_10G_INTERFACE2_BASEADDR $M04_BASEADDR
## set NF_10G_INTERFACE2_HIGHADDR $M04_HIGHADDR
## set NF_10G_INTERFACE2_SIZEADDR $M04_SIZEADDR
## set NF_10G_INTERFACE3_BASEADDR $M05_BASEADDR
## set NF_10G_INTERFACE3_HIGHADDR $M05_HIGHADDR
## set NF_10G_INTERFACE3_SIZEADDR $M05_SIZEADDR
## set NF_RIFFA_DMA_BASEADDR $M08_BASEADDR
## set NF_RIFFA_DMA_HIGHADDR $M08_HIGHADDR
## set NF_RIFFA_DMA_SIZEADDR $M08_SIZEADDR
## set MICROBLAZE_AXI_IIC_BASEADDR 0x40800000
## set MICROBLAZE_AXI_IIC_HIGHADDR 0x4080FFFF
## set MICROBLAZE_AXI_IIC_SIZEADDR 0x10000
## set MICROBLAZE_UARTLITE_BASEADDR 0x40600000
## set MICROBLAZE_UARTLITE_HIGHADDR 0x4060FFFF
## set MICROBLAZE_UARTLITE_SIZEADDR 0x10000
## set MICROBLAZE_DLMB_BRAM_BASEADDR 0x00000000
## set MICROBLAZE_DLMB_BRAM_HIGHADDR 0x0000FFFF
## set MICROBLAZE_DLMB_BRAM_SIZEADDR 0x10000
## set MICROBLAZE_ILMB_BRAM_BASEADDR 0x00000000
## set MICROBLAZE_ILMB_BRAM_HIGHADDR 0x0000FFFF
## set MICROBLAZE_ILMB_BRAM_SIZEADDR 0x10000
## set MICROBLAZE_AXI_INTC_BASEADDR 0x41200000
## set MICROBLAZE_AXI_INTC_HIGHADDR 0x4120FFFF
## set MICROBLAZE_AXI_INTC_SIZEADDR 0x10000
## set M00_BASEADDR 0x44000000
## set M00_HIGHADDR 0x44000FFF
## set M00_SIZEADDR 0x1000
## set M01_BASEADDR 0x44010000
## set M01_HIGHADDR 0x44010FFF
## set M01_SIZEADDR 0x1000
## set M02_BASEADDR 0x44020000
## set M02_HIGHADDR 0x44020FFF
## set M02_SIZEADDR 0x1000
## set M03_BASEADDR 0x44030000
## set M03_HIGHADDR 0x44030FFF
## set M03_SIZEADDR 0x1000
## set M04_BASEADDR 0x44040000
## set M04_HIGHADDR 0x44040FFF
## set M04_SIZEADDR 0x1000
## set M05_BASEADDR 0x44050000
## set M05_HIGHADDR 0x44050FFF
## set M05_SIZEADDR 0x1000
## set M08_BASEADDR 0x44060000
## set M08_HIGHADDR 0x44060FFF
## set M08_SIZEADDR 0x1000
## set IDENTIFIER_BASEADDR $M00_BASEADDR
## set IDENTIFIER_HIGHADDR $M00_HIGHADDR
## set IDENTIFIER_SIZEADDR $M00_SIZEADDR
## set PARSER_BASEADDR $M01_BASEADDR
## set PARSER_HIGHADDR $M01_HIGHADDR
## set PARSER_SIZEADDR $M01_SIZEADDR
## set NF_10G_INTERFACE0_BASEADDR $M02_BASEADDR
## set NF_10G_INTERFACE0_HIGHADDR $M02_HIGHADDR
## set NF_10G_INTERFACE0_SIZEADDR $M02_SIZEADDR
## set NF_10G_INTERFACE1_BASEADDR $M03_BASEADDR
## set NF_10G_INTERFACE1_HIGHADDR $M03_HIGHADDR
## set NF_10G_INTERFACE1_SIZEADDR $M03_SIZEADDR
## set NF_10G_INTERFACE2_BASEADDR $M04_BASEADDR
## set NF_10G_INTERFACE2_HIGHADDR $M04_HIGHADDR
## set NF_10G_INTERFACE2_SIZEADDR $M04_SIZEADDR
## set NF_10G_INTERFACE3_BASEADDR $M05_BASEADDR
## set NF_10G_INTERFACE3_HIGHADDR $M05_HIGHADDR
## set NF_10G_INTERFACE3_SIZEADDR $M05_SIZEADDR
## set NF_RIFFA_DMA_BASEADDR $M08_BASEADDR
## set NF_RIFFA_DMA_HIGHADDR $M08_HIGHADDR
## set NF_RIFFA_DMA_SIZEADDR $M08_SIZEADDR
## set MICROBLAZE_AXI_IIC_BASEADDR 0x40800000
## set MICROBLAZE_AXI_IIC_HIGHADDR 0x4080FFFF
## set MICROBLAZE_AXI_IIC_SIZEADDR 0x10000
## set MICROBLAZE_UARTLITE_BASEADDR 0x40600000
## set MICROBLAZE_UARTLITE_HIGHADDR 0x4060FFFF
## set MICROBLAZE_UARTLITE_SIZEADDR 0x10000
## set MICROBLAZE_DLMB_BRAM_BASEADDR 0x00000000
## set MICROBLAZE_DLMB_BRAM_HIGHADDR 0x0000FFFF
## set MICROBLAZE_DLMB_BRAM_SIZEADDR 0x10000
## set MICROBLAZE_ILMB_BRAM_BASEADDR 0x00000000
## set MICROBLAZE_ILMB_BRAM_HIGHADDR 0x0000FFFF
## set MICROBLAZE_ILMB_BRAM_SIZEADDR 0x10000
## set MICROBLAZE_AXI_INTC_BASEADDR 0x41200000
## set MICROBLAZE_AXI_INTC_HIGHADDR 0x4120FFFF
## set MICROBLAZE_AXI_INTC_SIZEADDR 0x10000
## set M00_BASEADDR 0x44000000
## set M00_HIGHADDR 0x44000FFF
## set M00_SIZEADDR 0x1000
## set M01_BASEADDR 0x44010000
## set M01_HIGHADDR 0x44010FFF
## set M01_SIZEADDR 0x1000
## set M02_BASEADDR 0x44020000
## set M02_HIGHADDR 0x44020FFF
## set M02_SIZEADDR 0x1000
## set M03_BASEADDR 0x44030000
## set M03_HIGHADDR 0x44030FFF
## set M03_SIZEADDR 0x1000
## set M04_BASEADDR 0x44040000
## set M04_HIGHADDR 0x44040FFF
## set M04_SIZEADDR 0x1000
## set M05_BASEADDR 0x44050000
## set M05_HIGHADDR 0x44050FFF
## set M05_SIZEADDR 0x1000
## set M08_BASEADDR 0x44060000
## set M08_HIGHADDR 0x44060FFF
## set M08_SIZEADDR 0x1000
## set IDENTIFIER_BASEADDR $M00_BASEADDR
## set IDENTIFIER_HIGHADDR $M00_HIGHADDR
## set IDENTIFIER_SIZEADDR $M00_SIZEADDR
## set PARSER_BASEADDR $M01_BASEADDR
## set PARSER_HIGHADDR $M01_HIGHADDR
## set PARSER_SIZEADDR $M01_SIZEADDR
## set NF_10G_INTERFACE0_BASEADDR $M02_BASEADDR
## set NF_10G_INTERFACE0_HIGHADDR $M02_HIGHADDR
## set NF_10G_INTERFACE0_SIZEADDR $M02_SIZEADDR
## set NF_10G_INTERFACE1_BASEADDR $M03_BASEADDR
## set NF_10G_INTERFACE1_HIGHADDR $M03_HIGHADDR
## set NF_10G_INTERFACE1_SIZEADDR $M03_SIZEADDR
## set NF_10G_INTERFACE2_BASEADDR $M04_BASEADDR
## set NF_10G_INTERFACE2_HIGHADDR $M04_HIGHADDR
## set NF_10G_INTERFACE2_SIZEADDR $M04_SIZEADDR
## set NF_10G_INTERFACE3_BASEADDR $M05_BASEADDR
## set NF_10G_INTERFACE3_HIGHADDR $M05_HIGHADDR
## set NF_10G_INTERFACE3_SIZEADDR $M05_SIZEADDR
## set NF_RIFFA_DMA_BASEADDR $M08_BASEADDR
## set NF_RIFFA_DMA_HIGHADDR $M08_HIGHADDR
## set NF_RIFFA_DMA_SIZEADDR $M08_SIZEADDR
## set MICROBLAZE_AXI_IIC_BASEADDR 0x40800000
## set MICROBLAZE_AXI_IIC_HIGHADDR 0x4080FFFF
## set MICROBLAZE_AXI_IIC_SIZEADDR 0x10000
## set MICROBLAZE_UARTLITE_BASEADDR 0x40600000
## set MICROBLAZE_UARTLITE_HIGHADDR 0x4060FFFF
## set MICROBLAZE_UARTLITE_SIZEADDR 0x10000
## set MICROBLAZE_DLMB_BRAM_BASEADDR 0x00000000
## set MICROBLAZE_DLMB_BRAM_HIGHADDR 0x0000FFFF
## set MICROBLAZE_DLMB_BRAM_SIZEADDR 0x10000
## set MICROBLAZE_ILMB_BRAM_BASEADDR 0x00000000
## set MICROBLAZE_ILMB_BRAM_HIGHADDR 0x0000FFFF
## set MICROBLAZE_ILMB_BRAM_SIZEADDR 0x10000
## set MICROBLAZE_AXI_INTC_BASEADDR 0x41200000
## set MICROBLAZE_AXI_INTC_HIGHADDR 0x4120FFFF
## set MICROBLAZE_AXI_INTC_SIZEADDR 0x10000
## set M00_BASEADDR 0x44000000
## set M00_HIGHADDR 0x44000FFF
## set M00_SIZEADDR 0x1000
## set M01_BASEADDR 0x44010000
## set M01_HIGHADDR 0x44010FFF
## set M01_SIZEADDR 0x1000
## set M02_BASEADDR 0x44020000
## set M02_HIGHADDR 0x44020FFF
## set M02_SIZEADDR 0x1000
## set M03_BASEADDR 0x44030000
## set M03_HIGHADDR 0x44030FFF
## set M03_SIZEADDR 0x1000
## set M04_BASEADDR 0x44040000
## set M04_HIGHADDR 0x44040FFF
## set M04_SIZEADDR 0x1000
## set M05_BASEADDR 0x44050000
## set M05_HIGHADDR 0x44050FFF
## set M05_SIZEADDR 0x1000
## set M08_BASEADDR 0x44060000
## set M08_HIGHADDR 0x44060FFF
## set M08_SIZEADDR 0x1000
## set IDENTIFIER_BASEADDR $M00_BASEADDR
## set IDENTIFIER_HIGHADDR $M00_HIGHADDR
## set IDENTIFIER_SIZEADDR $M00_SIZEADDR
## set PARSER_BASEADDR $M01_BASEADDR
## set PARSER_HIGHADDR $M01_HIGHADDR
## set PARSER_SIZEADDR $M01_SIZEADDR
## set NF_10G_INTERFACE0_BASEADDR $M02_BASEADDR
## set NF_10G_INTERFACE0_HIGHADDR $M02_HIGHADDR
## set NF_10G_INTERFACE0_SIZEADDR $M02_SIZEADDR
## set NF_10G_INTERFACE1_BASEADDR $M03_BASEADDR
## set NF_10G_INTERFACE1_HIGHADDR $M03_HIGHADDR
## set NF_10G_INTERFACE1_SIZEADDR $M03_SIZEADDR
## set NF_10G_INTERFACE2_BASEADDR $M04_BASEADDR
## set NF_10G_INTERFACE2_HIGHADDR $M04_HIGHADDR
## set NF_10G_INTERFACE2_SIZEADDR $M04_SIZEADDR
## set NF_10G_INTERFACE3_BASEADDR $M05_BASEADDR
## set NF_10G_INTERFACE3_HIGHADDR $M05_HIGHADDR
## set NF_10G_INTERFACE3_SIZEADDR $M05_SIZEADDR
## set NF_RIFFA_DMA_BASEADDR $M08_BASEADDR
## set NF_RIFFA_DMA_HIGHADDR $M08_HIGHADDR
## set NF_RIFFA_DMA_SIZEADDR $M08_SIZEADDR
## set MICROBLAZE_AXI_IIC_BASEADDR 0x40800000
## set MICROBLAZE_AXI_IIC_HIGHADDR 0x4080FFFF
## set MICROBLAZE_AXI_IIC_SIZEADDR 0x10000
## set MICROBLAZE_UARTLITE_BASEADDR 0x40600000
## set MICROBLAZE_UARTLITE_HIGHADDR 0x4060FFFF
## set MICROBLAZE_UARTLITE_SIZEADDR 0x10000
## set MICROBLAZE_DLMB_BRAM_BASEADDR 0x00000000
## set MICROBLAZE_DLMB_BRAM_HIGHADDR 0x0000FFFF
## set MICROBLAZE_DLMB_BRAM_SIZEADDR 0x10000
## set MICROBLAZE_ILMB_BRAM_BASEADDR 0x00000000
## set MICROBLAZE_ILMB_BRAM_HIGHADDR 0x0000FFFF
## set MICROBLAZE_ILMB_BRAM_SIZEADDR 0x10000
## set MICROBLAZE_AXI_INTC_BASEADDR 0x41200000
## set MICROBLAZE_AXI_INTC_HIGHADDR 0x4120FFFF
## set MICROBLAZE_AXI_INTC_SIZEADDR 0x10000
## set M00_BASEADDR 0x44000000
## set M00_HIGHADDR 0x44000FFF
## set M00_SIZEADDR 0x1000
## set M01_BASEADDR 0x44010000
## set M01_HIGHADDR 0x44010FFF
## set M01_SIZEADDR 0x1000
## set M02_BASEADDR 0x44020000
## set M02_HIGHADDR 0x44020FFF
## set M02_SIZEADDR 0x1000
## set M03_BASEADDR 0x44030000
## set M03_HIGHADDR 0x44030FFF
## set M03_SIZEADDR 0x1000
## set M04_BASEADDR 0x44040000
## set M04_HIGHADDR 0x44040FFF
## set M04_SIZEADDR 0x1000
## set M05_BASEADDR 0x44050000
## set M05_HIGHADDR 0x44050FFF
## set M05_SIZEADDR 0x1000
## set M08_BASEADDR 0x44060000
## set M08_HIGHADDR 0x44060FFF
## set M08_SIZEADDR 0x1000
## set IDENTIFIER_BASEADDR $M00_BASEADDR
## set IDENTIFIER_HIGHADDR $M00_HIGHADDR
## set IDENTIFIER_SIZEADDR $M00_SIZEADDR
## set PARSER_BASEADDR $M01_BASEADDR
## set PARSER_HIGHADDR $M01_HIGHADDR
## set PARSER_SIZEADDR $M01_SIZEADDR
## set NF_10G_INTERFACE0_BASEADDR $M02_BASEADDR
## set NF_10G_INTERFACE0_HIGHADDR $M02_HIGHADDR
## set NF_10G_INTERFACE0_SIZEADDR $M02_SIZEADDR
## set NF_10G_INTERFACE1_BASEADDR $M03_BASEADDR
## set NF_10G_INTERFACE1_HIGHADDR $M03_HIGHADDR
## set NF_10G_INTERFACE1_SIZEADDR $M03_SIZEADDR
## set NF_10G_INTERFACE2_BASEADDR $M04_BASEADDR
## set NF_10G_INTERFACE2_HIGHADDR $M04_HIGHADDR
## set NF_10G_INTERFACE2_SIZEADDR $M04_SIZEADDR
## set NF_10G_INTERFACE3_BASEADDR $M05_BASEADDR
## set NF_10G_INTERFACE3_HIGHADDR $M05_HIGHADDR
## set NF_10G_INTERFACE3_SIZEADDR $M05_SIZEADDR
## set NF_RIFFA_DMA_BASEADDR $M08_BASEADDR
## set NF_RIFFA_DMA_HIGHADDR $M08_HIGHADDR
## set NF_RIFFA_DMA_SIZEADDR $M08_SIZEADDR
## set MICROBLAZE_AXI_IIC_BASEADDR 0x40800000
## set MICROBLAZE_AXI_IIC_HIGHADDR 0x4080FFFF
## set MICROBLAZE_AXI_IIC_SIZEADDR 0x10000
## set MICROBLAZE_UARTLITE_BASEADDR 0x40600000
## set MICROBLAZE_UARTLITE_HIGHADDR 0x4060FFFF
## set MICROBLAZE_UARTLITE_SIZEADDR 0x10000
## set MICROBLAZE_DLMB_BRAM_BASEADDR 0x00000000
## set MICROBLAZE_DLMB_BRAM_HIGHADDR 0x0000FFFF
## set MICROBLAZE_DLMB_BRAM_SIZEADDR 0x10000
## set MICROBLAZE_ILMB_BRAM_BASEADDR 0x00000000
## set MICROBLAZE_ILMB_BRAM_HIGHADDR 0x0000FFFF
## set MICROBLAZE_ILMB_BRAM_SIZEADDR 0x10000
## set MICROBLAZE_AXI_INTC_BASEADDR 0x41200000
## set MICROBLAZE_AXI_INTC_HIGHADDR 0x4120FFFF
## set MICROBLAZE_AXI_INTC_SIZEADDR 0x10000
## set M00_BASEADDR 0x44000000
## set M00_HIGHADDR 0x44000FFF
## set M00_SIZEADDR 0x1000
## set M01_BASEADDR 0x44010000
## set M01_HIGHADDR 0x44010FFF
## set M01_SIZEADDR 0x1000
## set M02_BASEADDR 0x44020000
## set M02_HIGHADDR 0x44020FFF
## set M02_SIZEADDR 0x1000
## set M03_BASEADDR 0x44030000
## set M03_HIGHADDR 0x44030FFF
## set M03_SIZEADDR 0x1000
## set M04_BASEADDR 0x44040000
## set M04_HIGHADDR 0x44040FFF
## set M04_SIZEADDR 0x1000
## set M05_BASEADDR 0x44050000
## set M05_HIGHADDR 0x44050FFF
## set M05_SIZEADDR 0x1000
## set M08_BASEADDR 0x44060000
## set M08_HIGHADDR 0x44060FFF
## set M08_SIZEADDR 0x1000
## set IDENTIFIER_BASEADDR $M00_BASEADDR
## set IDENTIFIER_HIGHADDR $M00_HIGHADDR
## set IDENTIFIER_SIZEADDR $M00_SIZEADDR
## set PARSER_BASEADDR $M01_BASEADDR
## set PARSER_HIGHADDR $M01_HIGHADDR
## set PARSER_SIZEADDR $M01_SIZEADDR
## set NF_10G_INTERFACE0_BASEADDR $M02_BASEADDR
## set NF_10G_INTERFACE0_HIGHADDR $M02_HIGHADDR
## set NF_10G_INTERFACE0_SIZEADDR $M02_SIZEADDR
## set NF_10G_INTERFACE1_BASEADDR $M03_BASEADDR
## set NF_10G_INTERFACE1_HIGHADDR $M03_HIGHADDR
## set NF_10G_INTERFACE1_SIZEADDR $M03_SIZEADDR
## set NF_10G_INTERFACE2_BASEADDR $M04_BASEADDR
## set NF_10G_INTERFACE2_HIGHADDR $M04_HIGHADDR
## set NF_10G_INTERFACE2_SIZEADDR $M04_SIZEADDR
## set NF_10G_INTERFACE3_BASEADDR $M05_BASEADDR
## set NF_10G_INTERFACE3_HIGHADDR $M05_HIGHADDR
## set NF_10G_INTERFACE3_SIZEADDR $M05_SIZEADDR
## set NF_RIFFA_DMA_BASEADDR $M08_BASEADDR
## set NF_RIFFA_DMA_HIGHADDR $M08_HIGHADDR
## set NF_RIFFA_DMA_SIZEADDR $M08_SIZEADDR
INFO: [Common 17-206] Exiting Vivado at Thu Nov 15 15:53:12 2018...
