
*** Running vivado
    with args -log control_sub_xbar_1.vds -m64 -product Vivado -mode batch -messageDb vivado.pb -notrace -source control_sub_xbar_1.tcl


****** Vivado v2016.4 (64-bit)
  **** SW Build 1756540 on Mon Jan 23 19:11:19 MST 2017
  **** IP Build 1755317 on Mon Jan 23 20:30:07 MST 2017
    ** Copyright 1986-2016 Xilinx, Inc. All Rights Reserved.

source control_sub_xbar_1.tcl -notrace
Starting RTL Elaboration : Time (s): cpu = 00:00:05 ; elapsed = 00:00:05 . Memory (MB): peak = 1171.406 ; gain = 240.934 ; free physical = 56312 ; free virtual = 126654
INFO: [Synth 8-638] synthesizing module 'control_sub_xbar_1' [/home/nadeen/SIGCOMM/PANAMA/Vivado/my_netfpga/projects/reference_switch_lite/hw/project/reference_switch_lite.srcs/sources_1/bd/control_sub/ip/control_sub_xbar_1/synth/control_sub_xbar_1.v:59]
INFO: [Synth 8-638] synthesizing module 'axi_crossbar_v2_1_12_axi_crossbar' [/home/nadeen/SIGCOMM/PANAMA/Vivado/my_netfpga/projects/reference_switch_lite/hw/project/reference_switch_lite.srcs/sources_1/bd/control_sub/ipshared/896d/hdl/axi_crossbar_v2_1_vl_rfs.v:4882]
INFO: [Synth 8-638] synthesizing module 'axi_crossbar_v2_1_12_crossbar_sasd' [/home/nadeen/SIGCOMM/PANAMA/Vivado/my_netfpga/projects/reference_switch_lite/hw/project/reference_switch_lite.srcs/sources_1/bd/control_sub/ipshared/896d/hdl/axi_crossbar_v2_1_vl_rfs.v:1240]
INFO: [Synth 8-638] synthesizing module 'axi_crossbar_v2_1_12_addr_decoder' [/home/nadeen/SIGCOMM/PANAMA/Vivado/my_netfpga/projects/reference_switch_lite/hw/project/reference_switch_lite.srcs/sources_1/bd/control_sub/ipshared/896d/hdl/axi_crossbar_v2_1_vl_rfs.v:794]
INFO: [Synth 8-638] synthesizing module 'generic_baseblocks_v2_1_0_comparator_static' [/home/nadeen/SIGCOMM/PANAMA/Vivado/my_netfpga/projects/reference_switch_lite/hw/project/reference_switch_lite.srcs/sources_1/bd/control_sub/ipshared/7ee0/hdl/generic_baseblocks_v2_1_vl_rfs.v:2133]
INFO: [Synth 8-638] synthesizing module 'generic_baseblocks_v2_1_0_carry_and' [/home/nadeen/SIGCOMM/PANAMA/Vivado/my_netfpga/projects/reference_switch_lite/hw/project/reference_switch_lite.srcs/sources_1/bd/control_sub/ipshared/7ee0/hdl/generic_baseblocks_v2_1_vl_rfs.v:62]
INFO: [Synth 8-256] done synthesizing module 'generic_baseblocks_v2_1_0_carry_and' (1#1) [/home/nadeen/SIGCOMM/PANAMA/Vivado/my_netfpga/projects/reference_switch_lite/hw/project/reference_switch_lite.srcs/sources_1/bd/control_sub/ipshared/7ee0/hdl/generic_baseblocks_v2_1_vl_rfs.v:62]
INFO: [Synth 8-256] done synthesizing module 'generic_baseblocks_v2_1_0_comparator_static' (2#1) [/home/nadeen/SIGCOMM/PANAMA/Vivado/my_netfpga/projects/reference_switch_lite/hw/project/reference_switch_lite.srcs/sources_1/bd/control_sub/ipshared/7ee0/hdl/generic_baseblocks_v2_1_vl_rfs.v:2133]
INFO: [Synth 8-638] synthesizing module 'generic_baseblocks_v2_1_0_comparator_static__parameterized0' [/home/nadeen/SIGCOMM/PANAMA/Vivado/my_netfpga/projects/reference_switch_lite/hw/project/reference_switch_lite.srcs/sources_1/bd/control_sub/ipshared/7ee0/hdl/generic_baseblocks_v2_1_vl_rfs.v:2133]
INFO: [Synth 8-256] done synthesizing module 'generic_baseblocks_v2_1_0_comparator_static__parameterized0' (2#1) [/home/nadeen/SIGCOMM/PANAMA/Vivado/my_netfpga/projects/reference_switch_lite/hw/project/reference_switch_lite.srcs/sources_1/bd/control_sub/ipshared/7ee0/hdl/generic_baseblocks_v2_1_vl_rfs.v:2133]
INFO: [Synth 8-638] synthesizing module 'generic_baseblocks_v2_1_0_comparator_static__parameterized1' [/home/nadeen/SIGCOMM/PANAMA/Vivado/my_netfpga/projects/reference_switch_lite/hw/project/reference_switch_lite.srcs/sources_1/bd/control_sub/ipshared/7ee0/hdl/generic_baseblocks_v2_1_vl_rfs.v:2133]
INFO: [Synth 8-256] done synthesizing module 'generic_baseblocks_v2_1_0_comparator_static__parameterized1' (2#1) [/home/nadeen/SIGCOMM/PANAMA/Vivado/my_netfpga/projects/reference_switch_lite/hw/project/reference_switch_lite.srcs/sources_1/bd/control_sub/ipshared/7ee0/hdl/generic_baseblocks_v2_1_vl_rfs.v:2133]
INFO: [Synth 8-256] done synthesizing module 'axi_crossbar_v2_1_12_addr_decoder' (3#1) [/home/nadeen/SIGCOMM/PANAMA/Vivado/my_netfpga/projects/reference_switch_lite/hw/project/reference_switch_lite.srcs/sources_1/bd/control_sub/ipshared/896d/hdl/axi_crossbar_v2_1_vl_rfs.v:794]
INFO: [Synth 8-638] synthesizing module 'axi_crossbar_v2_1_12_decerr_slave' [/home/nadeen/SIGCOMM/PANAMA/Vivado/my_netfpga/projects/reference_switch_lite/hw/project/reference_switch_lite.srcs/sources_1/bd/control_sub/ipshared/896d/hdl/axi_crossbar_v2_1_vl_rfs.v:3500]
INFO: [Synth 8-256] done synthesizing module 'axi_crossbar_v2_1_12_decerr_slave' (4#1) [/home/nadeen/SIGCOMM/PANAMA/Vivado/my_netfpga/projects/reference_switch_lite/hw/project/reference_switch_lite.srcs/sources_1/bd/control_sub/ipshared/896d/hdl/axi_crossbar_v2_1_vl_rfs.v:3500]
INFO: [Synth 8-638] synthesizing module 'axi_crossbar_v2_1_12_addr_arbiter_sasd' [/home/nadeen/SIGCOMM/PANAMA/Vivado/my_netfpga/projects/reference_switch_lite/hw/project/reference_switch_lite.srcs/sources_1/bd/control_sub/ipshared/896d/hdl/axi_crossbar_v2_1_vl_rfs.v:65]
INFO: [Synth 8-256] done synthesizing module 'axi_crossbar_v2_1_12_addr_arbiter_sasd' (5#1) [/home/nadeen/SIGCOMM/PANAMA/Vivado/my_netfpga/projects/reference_switch_lite/hw/project/reference_switch_lite.srcs/sources_1/bd/control_sub/ipshared/896d/hdl/axi_crossbar_v2_1_vl_rfs.v:65]
INFO: [Synth 8-638] synthesizing module 'axi_crossbar_v2_1_12_splitter' [/home/nadeen/SIGCOMM/PANAMA/Vivado/my_netfpga/projects/reference_switch_lite/hw/project/reference_switch_lite.srcs/sources_1/bd/control_sub/ipshared/896d/hdl/axi_crossbar_v2_1_vl_rfs.v:4459]
INFO: [Synth 8-256] done synthesizing module 'axi_crossbar_v2_1_12_splitter' (6#1) [/home/nadeen/SIGCOMM/PANAMA/Vivado/my_netfpga/projects/reference_switch_lite/hw/project/reference_switch_lite.srcs/sources_1/bd/control_sub/ipshared/896d/hdl/axi_crossbar_v2_1_vl_rfs.v:4459]
INFO: [Synth 8-638] synthesizing module 'axi_crossbar_v2_1_12_splitter__parameterized0' [/home/nadeen/SIGCOMM/PANAMA/Vivado/my_netfpga/projects/reference_switch_lite/hw/project/reference_switch_lite.srcs/sources_1/bd/control_sub/ipshared/896d/hdl/axi_crossbar_v2_1_vl_rfs.v:4459]
INFO: [Synth 8-256] done synthesizing module 'axi_crossbar_v2_1_12_splitter__parameterized0' (6#1) [/home/nadeen/SIGCOMM/PANAMA/Vivado/my_netfpga/projects/reference_switch_lite/hw/project/reference_switch_lite.srcs/sources_1/bd/control_sub/ipshared/896d/hdl/axi_crossbar_v2_1_vl_rfs.v:4459]
INFO: [Synth 8-638] synthesizing module 'generic_baseblocks_v2_1_0_mux_enc' [/home/nadeen/SIGCOMM/PANAMA/Vivado/my_netfpga/projects/reference_switch_lite/hw/project/reference_switch_lite.srcs/sources_1/bd/control_sub/ipshared/7ee0/hdl/generic_baseblocks_v2_1_vl_rfs.v:2452]
INFO: [Synth 8-256] done synthesizing module 'generic_baseblocks_v2_1_0_mux_enc' (7#1) [/home/nadeen/SIGCOMM/PANAMA/Vivado/my_netfpga/projects/reference_switch_lite/hw/project/reference_switch_lite.srcs/sources_1/bd/control_sub/ipshared/7ee0/hdl/generic_baseblocks_v2_1_vl_rfs.v:2452]
INFO: [Synth 8-638] synthesizing module 'generic_baseblocks_v2_1_0_mux_enc__parameterized0' [/home/nadeen/SIGCOMM/PANAMA/Vivado/my_netfpga/projects/reference_switch_lite/hw/project/reference_switch_lite.srcs/sources_1/bd/control_sub/ipshared/7ee0/hdl/generic_baseblocks_v2_1_vl_rfs.v:2452]
INFO: [Synth 8-256] done synthesizing module 'generic_baseblocks_v2_1_0_mux_enc__parameterized0' (7#1) [/home/nadeen/SIGCOMM/PANAMA/Vivado/my_netfpga/projects/reference_switch_lite/hw/project/reference_switch_lite.srcs/sources_1/bd/control_sub/ipshared/7ee0/hdl/generic_baseblocks_v2_1_vl_rfs.v:2452]
INFO: [Synth 8-638] synthesizing module 'generic_baseblocks_v2_1_0_mux_enc__parameterized1' [/home/nadeen/SIGCOMM/PANAMA/Vivado/my_netfpga/projects/reference_switch_lite/hw/project/reference_switch_lite.srcs/sources_1/bd/control_sub/ipshared/7ee0/hdl/generic_baseblocks_v2_1_vl_rfs.v:2452]
INFO: [Synth 8-256] done synthesizing module 'generic_baseblocks_v2_1_0_mux_enc__parameterized1' (7#1) [/home/nadeen/SIGCOMM/PANAMA/Vivado/my_netfpga/projects/reference_switch_lite/hw/project/reference_switch_lite.srcs/sources_1/bd/control_sub/ipshared/7ee0/hdl/generic_baseblocks_v2_1_vl_rfs.v:2452]
INFO: [Synth 8-638] synthesizing module 'generic_baseblocks_v2_1_0_mux_enc__parameterized2' [/home/nadeen/SIGCOMM/PANAMA/Vivado/my_netfpga/projects/reference_switch_lite/hw/project/reference_switch_lite.srcs/sources_1/bd/control_sub/ipshared/7ee0/hdl/generic_baseblocks_v2_1_vl_rfs.v:2452]
INFO: [Synth 8-256] done synthesizing module 'generic_baseblocks_v2_1_0_mux_enc__parameterized2' (7#1) [/home/nadeen/SIGCOMM/PANAMA/Vivado/my_netfpga/projects/reference_switch_lite/hw/project/reference_switch_lite.srcs/sources_1/bd/control_sub/ipshared/7ee0/hdl/generic_baseblocks_v2_1_vl_rfs.v:2452]
INFO: [Synth 8-638] synthesizing module 'axi_register_slice_v2_1_11_axic_register_slice' [/home/nadeen/SIGCOMM/PANAMA/Vivado/my_netfpga/projects/reference_switch_lite/hw/project/reference_switch_lite.srcs/sources_1/bd/control_sub/ipshared/0b6b/hdl/axi_register_slice_v2_1_vl_rfs.v:85]
INFO: [Synth 8-256] done synthesizing module 'axi_register_slice_v2_1_11_axic_register_slice' (8#1) [/home/nadeen/SIGCOMM/PANAMA/Vivado/my_netfpga/projects/reference_switch_lite/hw/project/reference_switch_lite.srcs/sources_1/bd/control_sub/ipshared/0b6b/hdl/axi_register_slice_v2_1_vl_rfs.v:85]
INFO: [Synth 8-638] synthesizing module 'generic_baseblocks_v2_1_0_mux_enc__parameterized3' [/home/nadeen/SIGCOMM/PANAMA/Vivado/my_netfpga/projects/reference_switch_lite/hw/project/reference_switch_lite.srcs/sources_1/bd/control_sub/ipshared/7ee0/hdl/generic_baseblocks_v2_1_vl_rfs.v:2452]
INFO: [Synth 8-256] done synthesizing module 'generic_baseblocks_v2_1_0_mux_enc__parameterized3' (8#1) [/home/nadeen/SIGCOMM/PANAMA/Vivado/my_netfpga/projects/reference_switch_lite/hw/project/reference_switch_lite.srcs/sources_1/bd/control_sub/ipshared/7ee0/hdl/generic_baseblocks_v2_1_vl_rfs.v:2452]
INFO: [Synth 8-256] done synthesizing module 'axi_crossbar_v2_1_12_crossbar_sasd' (9#1) [/home/nadeen/SIGCOMM/PANAMA/Vivado/my_netfpga/projects/reference_switch_lite/hw/project/reference_switch_lite.srcs/sources_1/bd/control_sub/ipshared/896d/hdl/axi_crossbar_v2_1_vl_rfs.v:1240]
INFO: [Synth 8-256] done synthesizing module 'axi_crossbar_v2_1_12_axi_crossbar' (10#1) [/home/nadeen/SIGCOMM/PANAMA/Vivado/my_netfpga/projects/reference_switch_lite/hw/project/reference_switch_lite.srcs/sources_1/bd/control_sub/ipshared/896d/hdl/axi_crossbar_v2_1_vl_rfs.v:4882]
INFO: [Synth 8-256] done synthesizing module 'control_sub_xbar_1' (11#1) [/home/nadeen/SIGCOMM/PANAMA/Vivado/my_netfpga/projects/reference_switch_lite/hw/project/reference_switch_lite.srcs/sources_1/bd/control_sub/ip/control_sub_xbar_1/synth/control_sub_xbar_1.v:59]
Finished RTL Elaboration : Time (s): cpu = 00:00:07 ; elapsed = 00:00:08 . Memory (MB): peak = 1291.875 ; gain = 361.402 ; free physical = 56189 ; free virtual = 126531
Finished RTL Optimization Phase 1 : Time (s): cpu = 00:00:07 ; elapsed = 00:00:08 . Memory (MB): peak = 1291.875 ; gain = 361.402 ; free physical = 56189 ; free virtual = 126531
INFO: [Device 21-403] Loading part xc7vx690tffg1761-3
Constraint Validation Runtime : Time (s): cpu = 00:00:00.02 ; elapsed = 00:00:00.02 . Memory (MB): peak = 1705.500 ; gain = 0.000 ; free physical = 55939 ; free virtual = 126281
Finished Constraint Validation : Time (s): cpu = 00:00:19 ; elapsed = 00:00:20 . Memory (MB): peak = 1705.500 ; gain = 775.027 ; free physical = 55938 ; free virtual = 126281
Finished Loading Part and Timing Information : Time (s): cpu = 00:00:19 ; elapsed = 00:00:20 . Memory (MB): peak = 1705.500 ; gain = 775.027 ; free physical = 55938 ; free virtual = 126281
Finished applying 'set_property' XDC Constraints : Time (s): cpu = 00:00:19 ; elapsed = 00:00:20 . Memory (MB): peak = 1705.500 ; gain = 775.027 ; free physical = 55938 ; free virtual = 126281
Finished RTL Optimization Phase 2 : Time (s): cpu = 00:00:19 ; elapsed = 00:00:20 . Memory (MB): peak = 1705.500 ; gain = 775.027 ; free physical = 55938 ; free virtual = 126281
Finished Cross Boundary and Area Optimization : Time (s): cpu = 00:00:20 ; elapsed = 00:00:20 . Memory (MB): peak = 1705.500 ; gain = 775.027 ; free physical = 55915 ; free virtual = 126257
Finished Applying XDC Timing Constraints : Time (s): cpu = 00:00:24 ; elapsed = 00:00:25 . Memory (MB): peak = 1705.500 ; gain = 775.027 ; free physical = 55894 ; free virtual = 126236
Finished Timing Optimization : Time (s): cpu = 00:00:24 ; elapsed = 00:00:25 . Memory (MB): peak = 1705.500 ; gain = 775.027 ; free physical = 55882 ; free virtual = 126224
Finished Technology Mapping : Time (s): cpu = 00:00:24 ; elapsed = 00:00:25 . Memory (MB): peak = 1705.500 ; gain = 775.027 ; free physical = 55872 ; free virtual = 126214
Finished IO Insertion : Time (s): cpu = 00:00:24 ; elapsed = 00:00:25 . Memory (MB): peak = 1705.500 ; gain = 775.027 ; free physical = 55871 ; free virtual = 126213
Finished Renaming Generated Instances : Time (s): cpu = 00:00:24 ; elapsed = 00:00:25 . Memory (MB): peak = 1705.500 ; gain = 775.027 ; free physical = 55871 ; free virtual = 126213
Finished Rebuilding User Hierarchy : Time (s): cpu = 00:00:24 ; elapsed = 00:00:25 . Memory (MB): peak = 1705.500 ; gain = 775.027 ; free physical = 55871 ; free virtual = 126213
Finished Renaming Generated Ports : Time (s): cpu = 00:00:24 ; elapsed = 00:00:25 . Memory (MB): peak = 1705.500 ; gain = 775.027 ; free physical = 55871 ; free virtual = 126213
Finished Handling Custom Attributes : Time (s): cpu = 00:00:24 ; elapsed = 00:00:25 . Memory (MB): peak = 1705.500 ; gain = 775.027 ; free physical = 55871 ; free virtual = 126213
Finished Renaming Generated Nets : Time (s): cpu = 00:00:24 ; elapsed = 00:00:25 . Memory (MB): peak = 1705.500 ; gain = 775.027 ; free physical = 55871 ; free virtual = 126213

Report Cell Usage: 
+------+-----+------+
|      |Cell |Count |
+------+-----+------+
|1     |LUT1 |     2|
|2     |LUT2 |    11|
|3     |LUT3 |    40|
|4     |LUT4 |    49|
|5     |LUT5 |    52|
|6     |LUT6 |    25|
|7     |FDRE |   130|
+------+-----+------+
Finished Writing Synthesis Report : Time (s): cpu = 00:00:24 ; elapsed = 00:00:25 . Memory (MB): peak = 1705.500 ; gain = 775.027 ; free physical = 55871 ; free virtual = 126213
synth_design: Time (s): cpu = 00:00:23 ; elapsed = 00:00:24 . Memory (MB): peak = 1705.500 ; gain = 672.523 ; free physical = 55852 ; free virtual = 126194
